[0.011s] Invoking command in '/home/zkm/ros/ros2/Ros2-Module4Class/build/rom2109_gazebo': /usr/bin/cmake /home/zkm/ros/ros2/Ros2-Module4Class/src/rom2109_gazebo -DAMENT_CMAKE_SYMLINK_INSTALL=1 -DCMAKE_INSTALL_PREFIX=/home/zkm/ros/ros2/Ros2-Module4Class/install/rom2109_gazebo
[0.068s] -- The C compiler identification is GNU 11.4.0
[0.125s] -- The CXX compiler identification is GNU 11.4.0
[0.133s] -- Detecting C compiler ABI info
[0.210s] -- Detecting C compiler ABI info - done
[0.225s] -- Check for working C compiler: /usr/bin/cc - skipped
[0.226s] -- Detecting C compile features
[0.227s] -- Detecting C compile features - done
[0.232s] -- Detecting CXX compiler ABI info
[0.401s] -- Detecting CXX compiler ABI info - done
[0.429s] -- Check for working CXX compiler: /usr/bin/c++ - skipped
[0.429s] -- Detecting CXX compile features
[0.435s] -- Detecting CXX compile features - done
[0.447s] -- Found ament_cmake: 1.3.10 (/opt/ros/humble/share/ament_cmake/cmake)
[0.701s] -- Found Python3: /usr/bin/python3 (found version "3.10.12") found components: Interpreter 
[0.776s] -- Override CMake install command with custom implementation using symlinks instead of copying resources
[0.830s] -- Found gazebo_ros_pkgs: 3.7.0 (/opt/ros/humble/share/gazebo_ros_pkgs/cmake)
[0.833s] -- Found ament_lint_auto: 0.12.11 (/opt/ros/humble/share/ament_lint_auto/cmake)
[0.940s] -- Added test 'flake8' to check Python code syntax and style conventions
[0.942s] -- Added test 'lint_cmake' to check CMake code style
[0.943s] -- Added test 'pep257' to check Python code against some of the docstring style conventions in PEP 257
[0.946s] -- Added test 'xmllint' to check XML markup files
[0.948s] -- Configuring done
[0.952s] -- Generating done
[0.953s] -- Build files have been written to: /home/zkm/ros/ros2/Ros2-Module4Class/build/rom2109_gazebo
[0.959s] Invoked command in '/home/zkm/ros/ros2/Ros2-Module4Class/build/rom2109_gazebo' returned '0': /usr/bin/cmake /home/zkm/ros/ros2/Ros2-Module4Class/src/rom2109_gazebo -DAMENT_CMAKE_SYMLINK_INSTALL=1 -DCMAKE_INSTALL_PREFIX=/home/zkm/ros/ros2/Ros2-Module4Class/install/rom2109_gazebo
[0.961s] Invoking command in '/home/zkm/ros/ros2/Ros2-Module4Class/build/rom2109_gazebo': /usr/bin/cmake --build /home/zkm/ros/ros2/Ros2-Module4Class/build/rom2109_gazebo -- -j8 -l8
[1.007s] Invoked command in '/home/zkm/ros/ros2/Ros2-Module4Class/build/rom2109_gazebo' returned '0': /usr/bin/cmake --build /home/zkm/ros/ros2/Ros2-Module4Class/build/rom2109_gazebo -- -j8 -l8
[1.046s] Invoking command in '/home/zkm/ros/ros2/Ros2-Module4Class/build/rom2109_gazebo': /usr/bin/cmake --install /home/zkm/ros/ros2/Ros2-Module4Class/build/rom2109_gazebo
[1.055s] -- Install configuration: ""
[1.056s] -- Execute custom install script
[1.057s] -- Symlinking: /home/zkm/ros/ros2/Ros2-Module4Class/install/rom2109_gazebo/share/rom2109_gazebo//config/ekf.yaml
[1.069s] -- Symlinking: /home/zkm/ros/ros2/Ros2-Module4Class/install/rom2109_gazebo/share/rom2109_gazebo//config/gazebo_params.yaml
[1.085s] -- Symlinking: /home/zkm/ros/ros2/Ros2-Module4Class/install/rom2109_gazebo/share/rom2109_gazebo//config/my_ekf.yaml
[1.102s] -- Symlinking: /home/zkm/ros/ros2/Ros2-Module4Class/install/rom2109_gazebo/share/rom2109_gazebo//config/twist_mux.yaml
[1.125s] -- Symlinking: /home/zkm/ros/ros2/Ros2-Module4Class/install/rom2109_gazebo/share/rom2109_gazebo//config/twist_mux_race.yaml
[1.152s] -- Symlinking: /home/zkm/ros/ros2/Ros2-Module4Class/install/rom2109_gazebo/share/rom2109_gazebo//launch/controller_spawner.launch.py
[1.171s] -- Symlinking: /home/zkm/ros/ros2/Ros2-Module4Class/install/rom2109_gazebo/share/rom2109_gazebo//launch/ekf.launch.py
[1.191s] -- Symlinking: /home/zkm/ros/ros2/Ros2-Module4Class/install/rom2109_gazebo/share/rom2109_gazebo//launch/rom2109_sim_ros2_control.launch.py
[1.210s] -- Symlinking: /home/zkm/ros/ros2/Ros2-Module4Class/install/rom2109_gazebo/share/rom2109_gazebo//launch/simulation.launch.py
[1.229s] -- Symlinking: /home/zkm/ros/ros2/Ros2-Module4Class/install/rom2109_gazebo/share/rom2109_gazebo//launch/simulation_race.launch.py
[1.250s] -- Symlinking: /home/zkm/ros/ros2/Ros2-Module4Class/install/rom2109_gazebo/share/rom2109_gazebo//launch/test_code_style.launch.py
[1.269s] -- Symlinking: /home/zkm/ros/ros2/Ros2-Module4Class/install/rom2109_gazebo/share/rom2109_gazebo//launch/test_rom2109_bot_gazebo.launch.py
[1.290s] -- Symlinking: /home/zkm/ros/ros2/Ros2-Module4Class/install/rom2109_gazebo/share/rom2109_gazebo//launch/test_rom2109_sim_ros2_control_delayed.launch.py
[1.309s] -- Symlinking: /home/zkm/ros/ros2/Ros2-Module4Class/install/rom2109_gazebo/share/rom2109_gazebo//launch/test_rom2109_tall_gazebo.launch.py
[1.331s] -- Symlinking: /home/zkm/ros/ros2/Ros2-Module4Class/install/rom2109_gazebo/share/rom2109_gazebo//rviz2/display.rviz
[1.350s] -- Symlinking: /home/zkm/ros/ros2/Ros2-Module4Class/install/rom2109_gazebo/share/rom2109_gazebo//rviz2/nav2_default_view.rviz
[1.371s] -- Symlinking: /home/zkm/ros/ros2/Ros2-Module4Class/install/rom2109_gazebo/share/rom2109_gazebo//rviz2/nav2_namespaced_view.rviz
[1.390s] -- Symlinking: /home/zkm/ros/ros2/Ros2-Module4Class/install/rom2109_gazebo/share/rom2109_gazebo//rviz2/odom_fix.rviz
[1.412s] -- Symlinking: /home/zkm/ros/ros2/Ros2-Module4Class/install/rom2109_gazebo/share/rom2109_gazebo//rviz2/slam.rviz
[1.433s] -- Symlinking: /home/zkm/ros/ros2/Ros2-Module4Class/install/rom2109_gazebo/share/rom2109_gazebo//worlds/balls.world
[1.452s] -- Symlinking: /home/zkm/ros/ros2/Ros2-Module4Class/install/rom2109_gazebo/share/rom2109_gazebo//worlds/f1_race.world
[1.474s] -- Symlinking: /home/zkm/ros/ros2/Ros2-Module4Class/install/rom2109_gazebo/share/rom2109_gazebo//worlds/one.world
[1.495s] -- Symlinking: /home/zkm/ros/ros2/Ros2-Module4Class/install/rom2109_gazebo/share/rom2109_gazebo//worlds/rom_maze_1.world
[1.515s] -- Symlinking: /home/zkm/ros/ros2/Ros2-Module4Class/install/rom2109_gazebo/share/rom2109_gazebo//worlds/rom_maze_4.world
[1.535s] -- Symlinking: /home/zkm/ros/ros2/Ros2-Module4Class/install/rom2109_gazebo/share/rom2109_gazebo//worlds/single_square.world
[1.555s] -- Symlinking: /home/zkm/ros/ros2/Ros2-Module4Class/install/rom2109_gazebo/share/ament_index/resource_index/package_run_dependencies/rom2109_gazebo
[1.575s] -- Symlinking: /home/zkm/ros/ros2/Ros2-Module4Class/install/rom2109_gazebo/share/ament_index/resource_index/parent_prefix_path/rom2109_gazebo
[1.595s] -- Symlinking: /home/zkm/ros/ros2/Ros2-Module4Class/install/rom2109_gazebo/share/rom2109_gazebo/environment/ament_prefix_path.sh
[1.616s] -- Symlinking: /home/zkm/ros/ros2/Ros2-Module4Class/install/rom2109_gazebo/share/rom2109_gazebo/environment/ament_prefix_path.dsv
[1.637s] -- Symlinking: /home/zkm/ros/ros2/Ros2-Module4Class/install/rom2109_gazebo/share/rom2109_gazebo/environment/path.sh
[1.657s] -- Symlinking: /home/zkm/ros/ros2/Ros2-Module4Class/install/rom2109_gazebo/share/rom2109_gazebo/environment/path.dsv
[1.679s] -- Symlinking: /home/zkm/ros/ros2/Ros2-Module4Class/install/rom2109_gazebo/share/rom2109_gazebo/local_setup.bash
[1.697s] -- Symlinking: /home/zkm/ros/ros2/Ros2-Module4Class/install/rom2109_gazebo/share/rom2109_gazebo/local_setup.sh
[1.717s] -- Symlinking: /home/zkm/ros/ros2/Ros2-Module4Class/install/rom2109_gazebo/share/rom2109_gazebo/local_setup.zsh
[1.737s] -- Symlinking: /home/zkm/ros/ros2/Ros2-Module4Class/install/rom2109_gazebo/share/rom2109_gazebo/local_setup.dsv
[1.757s] -- Symlinking: /home/zkm/ros/ros2/Ros2-Module4Class/install/rom2109_gazebo/share/rom2109_gazebo/package.dsv
[1.776s] -- Symlinking: /home/zkm/ros/ros2/Ros2-Module4Class/install/rom2109_gazebo/share/ament_index/resource_index/packages/rom2109_gazebo
[1.796s] -- Symlinking: /home/zkm/ros/ros2/Ros2-Module4Class/install/rom2109_gazebo/share/rom2109_gazebo/cmake/rom2109_gazeboConfig.cmake
[1.816s] -- Symlinking: /home/zkm/ros/ros2/Ros2-Module4Class/install/rom2109_gazebo/share/rom2109_gazebo/cmake/rom2109_gazeboConfig-version.cmake
[1.836s] -- Symlinking: /home/zkm/ros/ros2/Ros2-Module4Class/install/rom2109_gazebo/share/rom2109_gazebo/package.xml
[1.859s] Invoked command in '/home/zkm/ros/ros2/Ros2-Module4Class/build/rom2109_gazebo' returned '0': /usr/bin/cmake --install /home/zkm/ros/ros2/Ros2-Module4Class/build/rom2109_gazebo
