[0.096s] DEBUG:colcon:Command line arguments: ['/usr/bin/colcon', 'build']
[0.096s] DEBUG:colcon:Parsed command line arguments: Namespace(log_base=None, log_level=None, verb_name='build', build_base='build', install_base='install', merge_install=False, symlink_install=False, test_result_base=None, continue_on_error=False, executor='parallel', parallel_workers=8, event_handlers=None, ignore_user_meta=False, metas=['./colcon.meta'], base_paths=['.'], packages_ignore=None, packages_ignore_regex=None, paths=None, packages_up_to=None, packages_up_to_regex=None, packages_above=None, packages_above_and_dependencies=None, packages_above_depth=None, packages_select_by_dep=None, packages_skip_by_dep=None, packages_skip_up_to=None, packages_select_build_failed=False, packages_skip_build_finished=False, packages_select_test_failures=False, packages_skip_test_passed=False, packages_select=None, packages_skip=None, packages_select_regex=None, packages_skip_regex=None, packages_start=None, packages_end=None, allow_overriding=[], cmake_args=None, cmake_target=None, cmake_target_skip_unavailable=False, cmake_clean_cache=False, cmake_clean_first=False, cmake_force_configure=False, ament_cmake_args=None, catkin_cmake_args=None, catkin_skip_building_tests=False, verb_parser=<colcon_defaults.argument_parser.defaults.DefaultArgumentsDecorator object at 0x777758645b10>, verb_extension=<colcon_core.verb.build.BuildVerb object at 0x777758645600>, main=<bound method BuildVerb.main of <colcon_core.verb.build.BuildVerb object at 0x777758645600>>)
[0.268s] Level 1:colcon.colcon_core.package_discovery:discover_packages(colcon_meta) check parameters
[0.269s] Level 1:colcon.colcon_core.package_discovery:discover_packages(recursive) check parameters
[0.269s] Level 1:colcon.colcon_core.package_discovery:discover_packages(ignore) check parameters
[0.269s] Level 1:colcon.colcon_core.package_discovery:discover_packages(path) check parameters
[0.269s] Level 1:colcon.colcon_core.package_discovery:discover_packages(colcon_meta) discover
[0.269s] Level 1:colcon.colcon_core.package_discovery:discover_packages(recursive) discover
[0.269s] INFO:colcon.colcon_core.package_discovery:Crawling recursively for packages in '/home/zkm/ros/ros2/Ros2-Module4Class'
[0.269s] Level 1:colcon.colcon_core.package_identification:_identify(.) by extensions ['ignore', 'ignore_ament_install']
[0.269s] Level 1:colcon.colcon_core.package_identification:_identify(.) by extension 'ignore'
[0.269s] Level 1:colcon.colcon_core.package_identification:_identify(.) by extension 'ignore_ament_install'
[0.269s] Level 1:colcon.colcon_core.package_identification:_identify(.) by extensions ['colcon_pkg']
[0.269s] Level 1:colcon.colcon_core.package_identification:_identify(.) by extension 'colcon_pkg'
[0.269s] Level 1:colcon.colcon_core.package_identification:_identify(.) by extensions ['colcon_meta']
[0.269s] Level 1:colcon.colcon_core.package_identification:_identify(.) by extension 'colcon_meta'
[0.269s] Level 1:colcon.colcon_core.package_identification:_identify(.) by extensions ['ros']
[0.269s] Level 1:colcon.colcon_core.package_identification:_identify(.) by extension 'ros'
[0.280s] Level 1:colcon.colcon_core.package_identification:_identify(.) by extensions ['cmake', 'python']
[0.280s] Level 1:colcon.colcon_core.package_identification:_identify(.) by extension 'cmake'
[0.280s] Level 1:colcon.colcon_core.package_identification:_identify(.) by extension 'python'
[0.280s] Level 1:colcon.colcon_core.package_identification:_identify(.) by extensions ['python_setup_py']
[0.280s] Level 1:colcon.colcon_core.package_identification:_identify(.) by extension 'python_setup_py'
[0.280s] Level 1:colcon.colcon_core.package_identification:_identify(build) by extensions ['ignore', 'ignore_ament_install']
[0.280s] Level 1:colcon.colcon_core.package_identification:_identify(build) by extension 'ignore'
[0.280s] Level 1:colcon.colcon_core.package_identification:_identify(build) ignored
[0.280s] Level 1:colcon.colcon_core.package_identification:_identify(install) by extensions ['ignore', 'ignore_ament_install']
[0.280s] Level 1:colcon.colcon_core.package_identification:_identify(install) by extension 'ignore'
[0.280s] Level 1:colcon.colcon_core.package_identification:_identify(install) ignored
[0.281s] Level 1:colcon.colcon_core.package_identification:_identify(log) by extensions ['ignore', 'ignore_ament_install']
[0.281s] Level 1:colcon.colcon_core.package_identification:_identify(log) by extension 'ignore'
[0.281s] Level 1:colcon.colcon_core.package_identification:_identify(log) ignored
[0.281s] Level 1:colcon.colcon_core.package_identification:_identify(src) by extensions ['ignore', 'ignore_ament_install']
[0.281s] Level 1:colcon.colcon_core.package_identification:_identify(src) by extension 'ignore'
[0.281s] Level 1:colcon.colcon_core.package_identification:_identify(src) by extension 'ignore_ament_install'
[0.281s] Level 1:colcon.colcon_core.package_identification:_identify(src) by extensions ['colcon_pkg']
[0.281s] Level 1:colcon.colcon_core.package_identification:_identify(src) by extension 'colcon_pkg'
[0.281s] Level 1:colcon.colcon_core.package_identification:_identify(src) by extensions ['colcon_meta']
[0.281s] Level 1:colcon.colcon_core.package_identification:_identify(src) by extension 'colcon_meta'
[0.281s] Level 1:colcon.colcon_core.package_identification:_identify(src) by extensions ['ros']
[0.281s] Level 1:colcon.colcon_core.package_identification:_identify(src) by extension 'ros'
[0.281s] Level 1:colcon.colcon_core.package_identification:_identify(src) by extensions ['cmake', 'python']
[0.282s] Level 1:colcon.colcon_core.package_identification:_identify(src) by extension 'cmake'
[0.282s] Level 1:colcon.colcon_core.package_identification:_identify(src) by extension 'python'
[0.282s] Level 1:colcon.colcon_core.package_identification:_identify(src) by extensions ['python_setup_py']
[0.282s] Level 1:colcon.colcon_core.package_identification:_identify(src) by extension 'python_setup_py'
[0.282s] Level 1:colcon.colcon_core.package_identification:_identify(src/simulation) by extensions ['ignore', 'ignore_ament_install']
[0.282s] Level 1:colcon.colcon_core.package_identification:_identify(src/simulation) by extension 'ignore'
[0.282s] Level 1:colcon.colcon_core.package_identification:_identify(src/simulation) by extension 'ignore_ament_install'
[0.282s] Level 1:colcon.colcon_core.package_identification:_identify(src/simulation) by extensions ['colcon_pkg']
[0.282s] Level 1:colcon.colcon_core.package_identification:_identify(src/simulation) by extension 'colcon_pkg'
[0.282s] Level 1:colcon.colcon_core.package_identification:_identify(src/simulation) by extensions ['colcon_meta']
[0.282s] Level 1:colcon.colcon_core.package_identification:_identify(src/simulation) by extension 'colcon_meta'
[0.282s] Level 1:colcon.colcon_core.package_identification:_identify(src/simulation) by extensions ['ros']
[0.282s] Level 1:colcon.colcon_core.package_identification:_identify(src/simulation) by extension 'ros'
[0.284s] DEBUG:colcon.colcon_core.package_identification:Package 'src/simulation' with type 'ros.ament_cmake' and name 'simulation'
[0.284s] Level 1:colcon.colcon_core.package_discovery:discover_packages(recursive) using defaults
[0.285s] Level 1:colcon.colcon_core.package_discovery:discover_packages(ignore) discover
[0.285s] Level 1:colcon.colcon_core.package_discovery:discover_packages(ignore) using defaults
[0.285s] Level 1:colcon.colcon_core.package_discovery:discover_packages(path) discover
[0.285s] Level 1:colcon.colcon_core.package_discovery:discover_packages(path) using defaults
[0.310s] Level 1:colcon.colcon_core.package_discovery:discover_packages(prefix_path) check parameters
[0.310s] Level 1:colcon.colcon_core.package_discovery:discover_packages(prefix_path) discover
[0.312s] DEBUG:colcon.colcon_installed_package_information.package_discovery:Found 1 installed packages in /home/zkm/ros/ros2/Ros2-Module4Class/install
[0.313s] DEBUG:colcon.colcon_installed_package_information.package_discovery:Found 7 installed packages in /home/zkm/ros/ros2/wp/install
[0.313s] DEBUG:colcon.colcon_installed_package_information.package_discovery:Found 3 installed packages in /home/zkm/ros/ros2/Ros2-Module3Exam/install
[0.315s] DEBUG:colcon.colcon_installed_package_information.package_discovery:Found 322 installed packages in /opt/ros/humble
[0.316s] Level 1:colcon.colcon_core.package_discovery:discover_packages(prefix_path) using defaults
[0.362s] Level 5:colcon.colcon_core.verb:set package 'simulation' build argument 'cmake_args' from command line to 'None'
[0.362s] Level 5:colcon.colcon_core.verb:set package 'simulation' build argument 'cmake_target' from command line to 'None'
[0.362s] Level 5:colcon.colcon_core.verb:set package 'simulation' build argument 'cmake_target_skip_unavailable' from command line to 'False'
[0.362s] Level 5:colcon.colcon_core.verb:set package 'simulation' build argument 'cmake_clean_cache' from command line to 'False'
[0.362s] Level 5:colcon.colcon_core.verb:set package 'simulation' build argument 'cmake_clean_first' from command line to 'False'
[0.362s] Level 5:colcon.colcon_core.verb:set package 'simulation' build argument 'cmake_force_configure' from command line to 'False'
[0.362s] Level 5:colcon.colcon_core.verb:set package 'simulation' build argument 'ament_cmake_args' from command line to 'None'
[0.362s] Level 5:colcon.colcon_core.verb:set package 'simulation' build argument 'catkin_cmake_args' from command line to 'None'
[0.362s] Level 5:colcon.colcon_core.verb:set package 'simulation' build argument 'catkin_skip_building_tests' from command line to 'False'
[0.362s] DEBUG:colcon.colcon_core.verb:Building package 'simulation' with the following arguments: {'ament_cmake_args': None, 'build_base': '/home/zkm/ros/ros2/Ros2-Module4Class/build/simulation', 'catkin_cmake_args': None, 'catkin_skip_building_tests': False, 'cmake_args': None, 'cmake_clean_cache': False, 'cmake_clean_first': False, 'cmake_force_configure': False, 'cmake_target': None, 'cmake_target_skip_unavailable': False, 'install_base': '/home/zkm/ros/ros2/Ros2-Module4Class/install/simulation', 'merge_install': False, 'path': '/home/zkm/ros/ros2/Ros2-Module4Class/src/simulation', 'symlink_install': False, 'test_result_base': None}
[0.362s] INFO:colcon.colcon_core.executor:Executing jobs using 'parallel' executor
[0.363s] DEBUG:colcon.colcon_parallel_executor.executor.parallel:run_until_complete
[0.363s] INFO:colcon.colcon_ros.task.ament_cmake.build:Building ROS package in '/home/zkm/ros/ros2/Ros2-Module4Class/src/simulation' with build type 'ament_cmake'
[0.364s] INFO:colcon.colcon_cmake.task.cmake.build:Building CMake package in '/home/zkm/ros/ros2/Ros2-Module4Class/src/simulation'
[0.365s] INFO:colcon.colcon_core.plugin_system:Skipping extension 'colcon_core.shell.bat': Not used on non-Windows systems
[0.366s] INFO:colcon.colcon_core.shell:Skip shell extension 'powershell' for command environment: Not usable outside of PowerShell
[0.366s] DEBUG:colcon.colcon_core.shell:Skip shell extension 'dsv' for command environment
[0.376s] DEBUG:colcon.colcon_core.event_handler.log_command:Invoking command in '/home/zkm/ros/ros2/Ros2-Module4Class/build/simulation': CMAKE_PREFIX_PATH=${CMAKE_PREFIX_PATH}:/opt/ros/humble /usr/bin/cmake --build /home/zkm/ros/ros2/Ros2-Module4Class/build/simulation -- -j8 -l8
[0.414s] DEBUG:colcon.colcon_core.event_handler.log_command:Invoked command in '/home/zkm/ros/ros2/Ros2-Module4Class/build/simulation' returned '0': CMAKE_PREFIX_PATH=${CMAKE_PREFIX_PATH}:/opt/ros/humble /usr/bin/cmake --build /home/zkm/ros/ros2/Ros2-Module4Class/build/simulation -- -j8 -l8
[0.444s] DEBUG:colcon.colcon_core.event_handler.log_command:Invoking command in '/home/zkm/ros/ros2/Ros2-Module4Class/build/simulation': CMAKE_PREFIX_PATH=${CMAKE_PREFIX_PATH}:/opt/ros/humble /usr/bin/cmake --install /home/zkm/ros/ros2/Ros2-Module4Class/build/simulation
[0.452s] Level 1:colcon.colcon_core.environment:create_environment_scripts_only(simulation)
[0.453s] DEBUG:colcon.colcon_core.event_handler.log_command:Invoked command in '/home/zkm/ros/ros2/Ros2-Module4Class/build/simulation' returned '0': CMAKE_PREFIX_PATH=${CMAKE_PREFIX_PATH}:/opt/ros/humble /usr/bin/cmake --install /home/zkm/ros/ros2/Ros2-Module4Class/build/simulation
[0.455s] Level 1:colcon.colcon_core.environment:checking '/home/zkm/ros/ros2/Ros2-Module4Class/install/simulation' for CMake module files
[0.455s] Level 1:colcon.colcon_core.environment:checking '/home/zkm/ros/ros2/Ros2-Module4Class/install/simulation' for CMake config files
[0.455s] Level 1:colcon.colcon_core.shell:create_environment_hook('simulation', 'cmake_prefix_path')
[0.456s] INFO:colcon.colcon_core.shell:Creating environment hook '/home/zkm/ros/ros2/Ros2-Module4Class/install/simulation/share/simulation/hook/cmake_prefix_path.ps1'
[0.456s] INFO:colcon.colcon_core.shell:Creating environment descriptor '/home/zkm/ros/ros2/Ros2-Module4Class/install/simulation/share/simulation/hook/cmake_prefix_path.dsv'
[0.457s] INFO:colcon.colcon_core.shell:Creating environment hook '/home/zkm/ros/ros2/Ros2-Module4Class/install/simulation/share/simulation/hook/cmake_prefix_path.sh'
[0.457s] Level 1:colcon.colcon_core.environment:checking '/home/zkm/ros/ros2/Ros2-Module4Class/install/simulation/bin'
[0.457s] Level 1:colcon.colcon_core.environment:checking '/home/zkm/ros/ros2/Ros2-Module4Class/install/simulation/lib/pkgconfig/simulation.pc'
[0.458s] Level 1:colcon.colcon_core.environment:checking '/home/zkm/ros/ros2/Ros2-Module4Class/install/simulation/lib/python3.10/site-packages'
[0.458s] Level 1:colcon.colcon_core.environment:checking '/home/zkm/ros/ros2/Ros2-Module4Class/install/simulation/bin'
[0.458s] INFO:colcon.colcon_core.shell:Creating package script '/home/zkm/ros/ros2/Ros2-Module4Class/install/simulation/share/simulation/package.ps1'
[0.459s] INFO:colcon.colcon_core.shell:Creating package descriptor '/home/zkm/ros/ros2/Ros2-Module4Class/install/simulation/share/simulation/package.dsv'
[0.459s] INFO:colcon.colcon_core.shell:Creating package script '/home/zkm/ros/ros2/Ros2-Module4Class/install/simulation/share/simulation/package.sh'
[0.460s] INFO:colcon.colcon_core.shell:Creating package script '/home/zkm/ros/ros2/Ros2-Module4Class/install/simulation/share/simulation/package.bash'
[0.461s] INFO:colcon.colcon_core.shell:Creating package script '/home/zkm/ros/ros2/Ros2-Module4Class/install/simulation/share/simulation/package.zsh'
[0.461s] Level 1:colcon.colcon_core.environment:create_file_with_runtime_dependencies(/home/zkm/ros/ros2/Ros2-Module4Class/install/simulation/share/colcon-core/packages/simulation)
[0.482s] Level 1:colcon.colcon_core.environment:create_environment_scripts_only(simulation)
[0.483s] Level 1:colcon.colcon_core.environment:checking '/home/zkm/ros/ros2/Ros2-Module4Class/install/simulation' for CMake module files
[0.483s] Level 1:colcon.colcon_core.environment:checking '/home/zkm/ros/ros2/Ros2-Module4Class/install/simulation' for CMake config files
[0.483s] Level 1:colcon.colcon_core.shell:create_environment_hook('simulation', 'cmake_prefix_path')
[0.483s] INFO:colcon.colcon_core.shell:Creating environment hook '/home/zkm/ros/ros2/Ros2-Module4Class/install/simulation/share/simulation/hook/cmake_prefix_path.ps1'
[0.484s] INFO:colcon.colcon_core.shell:Creating environment descriptor '/home/zkm/ros/ros2/Ros2-Module4Class/install/simulation/share/simulation/hook/cmake_prefix_path.dsv'
[0.484s] INFO:colcon.colcon_core.shell:Creating environment hook '/home/zkm/ros/ros2/Ros2-Module4Class/install/simulation/share/simulation/hook/cmake_prefix_path.sh'
[0.485s] Level 1:colcon.colcon_core.environment:checking '/home/zkm/ros/ros2/Ros2-Module4Class/install/simulation/bin'
[0.485s] Level 1:colcon.colcon_core.environment:checking '/home/zkm/ros/ros2/Ros2-Module4Class/install/simulation/lib/pkgconfig/simulation.pc'
[0.485s] Level 1:colcon.colcon_core.environment:checking '/home/zkm/ros/ros2/Ros2-Module4Class/install/simulation/lib/python3.10/site-packages'
[0.485s] Level 1:colcon.colcon_core.environment:checking '/home/zkm/ros/ros2/Ros2-Module4Class/install/simulation/bin'
[0.486s] INFO:colcon.colcon_core.shell:Creating package script '/home/zkm/ros/ros2/Ros2-Module4Class/install/simulation/share/simulation/package.ps1'
[0.486s] INFO:colcon.colcon_core.shell:Creating package descriptor '/home/zkm/ros/ros2/Ros2-Module4Class/install/simulation/share/simulation/package.dsv'
[0.487s] INFO:colcon.colcon_core.shell:Creating package script '/home/zkm/ros/ros2/Ros2-Module4Class/install/simulation/share/simulation/package.sh'
[0.488s] INFO:colcon.colcon_core.shell:Creating package script '/home/zkm/ros/ros2/Ros2-Module4Class/install/simulation/share/simulation/package.bash'
[0.488s] INFO:colcon.colcon_core.shell:Creating package script '/home/zkm/ros/ros2/Ros2-Module4Class/install/simulation/share/simulation/package.zsh'
[0.489s] Level 1:colcon.colcon_core.environment:create_file_with_runtime_dependencies(/home/zkm/ros/ros2/Ros2-Module4Class/install/simulation/share/colcon-core/packages/simulation)
[0.489s] DEBUG:colcon.colcon_parallel_executor.executor.parallel:closing loop
[0.489s] DEBUG:colcon.colcon_parallel_executor.executor.parallel:loop closed
[0.490s] DEBUG:colcon.colcon_parallel_executor.executor.parallel:run_until_complete finished with '0'
[0.490s] DEBUG:colcon.colcon_core.event_reactor:joining thread
[0.496s] INFO:colcon.colcon_core.plugin_system:Skipping extension 'colcon_notification.desktop_notification.terminal_notifier': Not used on non-Darwin systems
[0.496s] INFO:colcon.colcon_core.plugin_system:Skipping extension 'colcon_notification.desktop_notification.win32': Not used on non-Windows systems
[0.496s] INFO:colcon.colcon_notification.desktop_notification:Sending desktop notification using 'notify2'
[0.509s] DEBUG:colcon.colcon_core.event_reactor:joined thread
[0.509s] INFO:colcon.colcon_core.shell:Creating prefix script '/home/zkm/ros/ros2/Ros2-Module4Class/install/local_setup.ps1'
[0.510s] INFO:colcon.colcon_core.shell:Creating prefix util module '/home/zkm/ros/ros2/Ros2-Module4Class/install/_local_setup_util_ps1.py'
[0.511s] INFO:colcon.colcon_core.shell:Creating prefix chain script '/home/zkm/ros/ros2/Ros2-Module4Class/install/setup.ps1'
[0.513s] INFO:colcon.colcon_core.shell:Creating prefix script '/home/zkm/ros/ros2/Ros2-Module4Class/install/local_setup.sh'
[0.513s] INFO:colcon.colcon_core.shell:Creating prefix util module '/home/zkm/ros/ros2/Ros2-Module4Class/install/_local_setup_util_sh.py'
[0.513s] INFO:colcon.colcon_core.shell:Creating prefix chain script '/home/zkm/ros/ros2/Ros2-Module4Class/install/setup.sh'
[0.515s] INFO:colcon.colcon_core.shell:Creating prefix script '/home/zkm/ros/ros2/Ros2-Module4Class/install/local_setup.bash'
[0.515s] INFO:colcon.colcon_core.shell:Creating prefix chain script '/home/zkm/ros/ros2/Ros2-Module4Class/install/setup.bash'
[0.517s] INFO:colcon.colcon_core.shell:Creating prefix script '/home/zkm/ros/ros2/Ros2-Module4Class/install/local_setup.zsh'
[0.518s] INFO:colcon.colcon_core.shell:Creating prefix chain script '/home/zkm/ros/ros2/Ros2-Module4Class/install/setup.zsh'
