[0.011s] Invoking command in '/home/zkm/ros/ros2/Ros2-Module4Class/build/simulation': CMAKE_PREFIX_PATH=${CMAKE_PREFIX_PATH}:/opt/ros/humble /usr/bin/cmake --build /home/zkm/ros/ros2/Ros2-Module4Class/build/simulation -- -j8 -l8
[0.049s] Invoked command in '/home/zkm/ros/ros2/Ros2-Module4Class/build/simulation' returned '0': CMAKE_PREFIX_PATH=${CMAKE_PREFIX_PATH}:/opt/ros/humble /usr/bin/cmake --build /home/zkm/ros/ros2/Ros2-Module4Class/build/simulation -- -j8 -l8
[0.079s] Invoking command in '/home/zkm/ros/ros2/Ros2-Module4Class/build/simulation': CMAKE_PREFIX_PATH=${CMAKE_PREFIX_PATH}:/opt/ros/humble /usr/bin/cmake --install /home/zkm/ros/ros2/Ros2-Module4Class/build/simulation
[0.085s] -- Install configuration: ""
[0.086s] -- Up-to-date: /home/zkm/ros/ros2/Ros2-Module4Class/install/simulation/share/ament_index/resource_index/package_run_dependencies/simulation
[0.086s] -- Up-to-date: /home/zkm/ros/ros2/Ros2-Module4Class/install/simulation/share/ament_index/resource_index/parent_prefix_path/simulation
[0.086s] -- Up-to-date: /home/zkm/ros/ros2/Ros2-Module4Class/install/simulation/share/simulation/environment/ament_prefix_path.sh
[0.086s] -- Up-to-date: /home/zkm/ros/ros2/Ros2-Module4Class/install/simulation/share/simulation/environment/ament_prefix_path.dsv
[0.086s] -- Up-to-date: /home/zkm/ros/ros2/Ros2-Module4Class/install/simulation/share/simulation/environment/path.sh
[0.086s] -- Up-to-date: /home/zkm/ros/ros2/Ros2-Module4Class/install/simulation/share/simulation/environment/path.dsv
[0.086s] -- Up-to-date: /home/zkm/ros/ros2/Ros2-Module4Class/install/simulation/share/simulation/local_setup.bash
[0.086s] -- Up-to-date: /home/zkm/ros/ros2/Ros2-Module4Class/install/simulation/share/simulation/local_setup.sh
[0.086s] -- Up-to-date: /home/zkm/ros/ros2/Ros2-Module4Class/install/simulation/share/simulation/local_setup.zsh
[0.087s] -- Up-to-date: /home/zkm/ros/ros2/Ros2-Module4Class/install/simulation/share/simulation/local_setup.dsv
[0.087s] -- Installing: /home/zkm/ros/ros2/Ros2-Module4Class/install/simulation/share/simulation/package.dsv
[0.087s] -- Up-to-date: /home/zkm/ros/ros2/Ros2-Module4Class/install/simulation/share/ament_index/resource_index/packages/simulation
[0.087s] -- Up-to-date: /home/zkm/ros/ros2/Ros2-Module4Class/install/simulation/share/simulation/cmake/simulationConfig.cmake
[0.087s] -- Up-to-date: /home/zkm/ros/ros2/Ros2-Module4Class/install/simulation/share/simulation/cmake/simulationConfig-version.cmake
[0.087s] -- Up-to-date: /home/zkm/ros/ros2/Ros2-Module4Class/install/simulation/share/simulation/package.xml
[0.088s] Invoked command in '/home/zkm/ros/ros2/Ros2-Module4Class/build/simulation' returned '0': CMAKE_PREFIX_PATH=${CMAKE_PREFIX_PATH}:/opt/ros/humble /usr/bin/cmake --install /home/zkm/ros/ros2/Ros2-Module4Class/build/simulation
