[0.010s] Invoking command in '/home/zkm/ros/ros2/Ros2-Module4Class/build/simulation': CMAKE_PREFIX_PATH=${CMAKE_PREFIX_PATH}:/opt/ros/humble /usr/bin/cmake /home/zkm/ros/ros2/Ros2-Module4Class/src/simulation -DCMAKE_INSTALL_PREFIX=/home/zkm/ros/ros2/Ros2-Module4Class/install/simulation
[0.122s] -- The C compiler identification is GNU 11.4.0
[0.228s] -- The CXX compiler identification is GNU 11.4.0
[0.239s] -- Detecting C compiler ABI info
[0.303s] -- Detecting C compiler ABI info - done
[0.310s] -- Check for working C compiler: /usr/bin/cc - skipped
[0.310s] -- Detecting C compile features
[0.311s] -- Detecting C compile features - done
[0.314s] -- Detecting CXX compiler ABI info
[0.386s] -- Detecting CXX compiler ABI info - done
[0.393s] -- Check for working CXX compiler: /usr/bin/c++ - skipped
[0.394s] -- Detecting CXX compile features
[0.394s] -- Detecting CXX compile features - done
[0.404s] -- Found ament_cmake: 1.3.10 (/opt/ros/humble/share/ament_cmake/cmake)
[0.544s] -- Found Python3: /usr/bin/python3 (found version "3.10.12") found components: Interpreter 
[0.645s] -- Found std_msgs: 4.2.4 (/opt/ros/humble/share/std_msgs/cmake)
[0.704s] -- Found rosidl_generator_c: 3.1.5 (/opt/ros/humble/share/rosidl_generator_c/cmake)
[0.714s] -- Found rosidl_adapter: 3.1.5 (/opt/ros/humble/share/rosidl_adapter/cmake)
[0.729s] -- Found rosidl_generator_cpp: 3.1.5 (/opt/ros/humble/share/rosidl_generator_cpp/cmake)
[0.750s] -- Using all available rosidl_typesupport_c: rosidl_typesupport_fastrtps_c;rosidl_typesupport_introspection_c
[0.775s] -- Using all available rosidl_typesupport_cpp: rosidl_typesupport_fastrtps_cpp;rosidl_typesupport_introspection_cpp
[0.811s] -- Found geometry_msgs: 4.2.4 (/opt/ros/humble/share/geometry_msgs/cmake)
[0.834s] -- Found rclcpp: 16.0.10 (/opt/ros/humble/share/rclcpp/cmake)
[0.900s] -- Found rmw_implementation_cmake: 6.1.2 (/opt/ros/humble/share/rmw_implementation_cmake/cmake)
[0.905s] -- Found rmw_fastrtps_cpp: 6.2.7 (/opt/ros/humble/share/rmw_fastrtps_cpp/cmake)
[1.005s] -- Found OpenSSL: /usr/lib/x86_64-linux-gnu/libcrypto.so (found version "3.0.2")  
[1.031s] -- Found FastRTPS: /opt/ros/humble/include  
[1.069s] -- Using RMW implementation 'rmw_fastrtps_cpp' as default
[1.084s] -- Looking for pthread.h
[1.157s] -- Looking for pthread.h - found
[1.157s] -- Performing Test CMAKE_HAVE_LIBC_PTHREAD
[1.225s] -- Performing Test CMAKE_HAVE_LIBC_PTHREAD - Success
[1.226s] -- Found Threads: TRUE  
[1.279s] -- Found ament_lint_auto: 0.12.11 (/opt/ros/humble/share/ament_lint_auto/cmake)
[1.365s] -- Added test 'flake8' to check Python code syntax and style conventions
[1.366s] -- Added test 'lint_cmake' to check CMake code style
[1.368s] -- Added test 'pep257' to check Python code against some of the docstring style conventions in PEP 257
[1.373s] -- Added test 'xmllint' to check XML markup files
[1.375s] -- Configuring done
[1.379s] -- Generating done
[1.380s] -- Build files have been written to: /home/zkm/ros/ros2/Ros2-Module4Class/build/simulation
[1.387s] Invoked command in '/home/zkm/ros/ros2/Ros2-Module4Class/build/simulation' returned '0': CMAKE_PREFIX_PATH=${CMAKE_PREFIX_PATH}:/opt/ros/humble /usr/bin/cmake /home/zkm/ros/ros2/Ros2-Module4Class/src/simulation -DCMAKE_INSTALL_PREFIX=/home/zkm/ros/ros2/Ros2-Module4Class/install/simulation
[1.389s] Invoking command in '/home/zkm/ros/ros2/Ros2-Module4Class/build/simulation': CMAKE_PREFIX_PATH=${CMAKE_PREFIX_PATH}:/opt/ros/humble /usr/bin/cmake --build /home/zkm/ros/ros2/Ros2-Module4Class/build/simulation -- -j8 -l8
[1.439s] Invoked command in '/home/zkm/ros/ros2/Ros2-Module4Class/build/simulation' returned '0': CMAKE_PREFIX_PATH=${CMAKE_PREFIX_PATH}:/opt/ros/humble /usr/bin/cmake --build /home/zkm/ros/ros2/Ros2-Module4Class/build/simulation -- -j8 -l8
[1.469s] Invoking command in '/home/zkm/ros/ros2/Ros2-Module4Class/build/simulation': CMAKE_PREFIX_PATH=${CMAKE_PREFIX_PATH}:/opt/ros/humble /usr/bin/cmake --install /home/zkm/ros/ros2/Ros2-Module4Class/build/simulation
[1.475s] -- Install configuration: ""
[1.475s] -- Installing: /home/zkm/ros/ros2/Ros2-Module4Class/install/simulation/share/ament_index/resource_index/package_run_dependencies/simulation
[1.475s] -- Installing: /home/zkm/ros/ros2/Ros2-Module4Class/install/simulation/share/ament_index/resource_index/parent_prefix_path/simulation
[1.475s] -- Installing: /home/zkm/ros/ros2/Ros2-Module4Class/install/simulation/share/simulation/environment/ament_prefix_path.sh
[1.475s] -- Installing: /home/zkm/ros/ros2/Ros2-Module4Class/install/simulation/share/simulation/environment/ament_prefix_path.dsv
[1.476s] -- Installing: /home/zkm/ros/ros2/Ros2-Module4Class/install/simulation/share/simulation/environment/path.sh
[1.476s] -- Installing: /home/zkm/ros/ros2/Ros2-Module4Class/install/simulation/share/simulation/environment/path.dsv
[1.476s] -- Installing: /home/zkm/ros/ros2/Ros2-Module4Class/install/simulation/share/simulation/local_setup.bash
[1.476s] -- Installing: /home/zkm/ros/ros2/Ros2-Module4Class/install/simulation/share/simulation/local_setup.sh
[1.476s] -- Installing: /home/zkm/ros/ros2/Ros2-Module4Class/install/simulation/share/simulation/local_setup.zsh
[1.476s] -- Installing: /home/zkm/ros/ros2/Ros2-Module4Class/install/simulation/share/simulation/local_setup.dsv
[1.476s] -- Installing: /home/zkm/ros/ros2/Ros2-Module4Class/install/simulation/share/simulation/package.dsv
[1.476s] -- Installing: /home/zkm/ros/ros2/Ros2-Module4Class/install/simulation/share/ament_index/resource_index/packages/simulation
[1.477s] -- Installing: /home/zkm/ros/ros2/Ros2-Module4Class/install/simulation/share/simulation/cmake/simulationConfig.cmake
[1.477s] -- Installing: /home/zkm/ros/ros2/Ros2-Module4Class/install/simulation/share/simulation/cmake/simulationConfig-version.cmake
[1.477s] -- Installing: /home/zkm/ros/ros2/Ros2-Module4Class/install/simulation/share/simulation/package.xml
[1.479s] Invoked command in '/home/zkm/ros/ros2/Ros2-Module4Class/build/simulation' returned '0': CMAKE_PREFIX_PATH=${CMAKE_PREFIX_PATH}:/opt/ros/humble /usr/bin/cmake --install /home/zkm/ros/ros2/Ros2-Module4Class/build/simulation
