[0.014s] Invoking command in '/home/zkm/ros/ros2/Ros2-Module4Class/build/rom2109_description': /usr/bin/cmake /home/zkm/ros/ros2/Ros2-Module4Class/src/rom2109_description -DAMENT_CMAKE_SYMLINK_INSTALL=1 -DCMAKE_INSTALL_PREFIX=/home/zkm/ros/ros2/Ros2-Module4Class/install/rom2109_description
[0.071s] -- The C compiler identification is GNU 11.4.0
[0.127s] -- The CXX compiler identification is GNU 11.4.0
[0.136s] -- Detecting C compiler ABI info
[0.214s] -- Detecting C compiler ABI info - done
[0.231s] -- Check for working C compiler: /usr/bin/cc - skipped
[0.231s] -- Detecting C compile features
[0.232s] -- Detecting C compile features - done
[0.238s] -- Detecting CXX compiler ABI info
[0.409s] -- Detecting CXX compiler ABI info - done
[0.442s] -- Check for working CXX compiler: /usr/bin/c++ - skipped
[0.443s] -- Detecting CXX compile features
[0.443s] -- Detecting CXX compile features - done
[0.449s] -- Found ament_cmake: 1.3.10 (/opt/ros/humble/share/ament_cmake/cmake)
[0.719s] -- Found Python3: /usr/bin/python3 (found version "3.10.12") found components: Interpreter 
[0.795s] -- Override CMake install command with custom implementation using symlinks instead of copying resources
[0.845s] -- Found ament_lint_auto: 0.12.11 (/opt/ros/humble/share/ament_lint_auto/cmake)
[0.961s] -- Added test 'flake8' to check Python code syntax and style conventions
[0.966s] -- Added test 'lint_cmake' to check CMake code style
[0.968s] -- Added test 'pep257' to check Python code against some of the docstring style conventions in PEP 257
[0.972s] -- Added test 'xmllint' to check XML markup files
[0.975s] -- Configuring done
[0.980s] -- Generating done
[0.981s] -- Build files have been written to: /home/zkm/ros/ros2/Ros2-Module4Class/build/rom2109_description
[0.987s] Invoked command in '/home/zkm/ros/ros2/Ros2-Module4Class/build/rom2109_description' returned '0': /usr/bin/cmake /home/zkm/ros/ros2/Ros2-Module4Class/src/rom2109_description -DAMENT_CMAKE_SYMLINK_INSTALL=1 -DCMAKE_INSTALL_PREFIX=/home/zkm/ros/ros2/Ros2-Module4Class/install/rom2109_description
[0.989s] Invoking command in '/home/zkm/ros/ros2/Ros2-Module4Class/build/rom2109_description': /usr/bin/cmake --build /home/zkm/ros/ros2/Ros2-Module4Class/build/rom2109_description -- -j8 -l8
[1.035s] Invoked command in '/home/zkm/ros/ros2/Ros2-Module4Class/build/rom2109_description' returned '0': /usr/bin/cmake --build /home/zkm/ros/ros2/Ros2-Module4Class/build/rom2109_description -- -j8 -l8
[1.068s] Invoking command in '/home/zkm/ros/ros2/Ros2-Module4Class/build/rom2109_description': /usr/bin/cmake --install /home/zkm/ros/ros2/Ros2-Module4Class/build/rom2109_description
[1.077s] -- Install configuration: ""
[1.077s] -- Execute custom install script
[1.078s] -- Symlinking: /home/zkm/ros/ros2/Ros2-Module4Class/install/rom2109_description/share/rom2109_description/config/my_controllers.yaml
[1.093s] -- Symlinking: /home/zkm/ros/ros2/Ros2-Module4Class/install/rom2109_description/share/rom2109_description/launch/description.launch.py
[1.111s] -- Symlinking: /home/zkm/ros/ros2/Ros2-Module4Class/install/rom2109_description/share/rom2109_description/launch/description_ros2_control.launch.py
[1.130s] -- Symlinking: /home/zkm/ros/ros2/Ros2-Module4Class/install/rom2109_description/share/rom2109_description/launch/rviz.launch.py
[1.155s] -- Symlinking: /home/zkm/ros/ros2/Ros2-Module4Class/install/rom2109_description/share/rom2109_description/urdf/camera.xacro
[1.174s] -- Symlinking: /home/zkm/ros/ros2/Ros2-Module4Class/install/rom2109_description/share/rom2109_description/urdf/camera3d.xacro
[1.194s] -- Symlinking: /home/zkm/ros/ros2/Ros2-Module4Class/install/rom2109_description/share/rom2109_description/urdf/common_properties.urdf.xacro
[1.214s] -- Symlinking: /home/zkm/ros/ros2/Ros2-Module4Class/install/rom2109_description/share/rom2109_description/urdf/lidar.xacro
[1.233s] -- Symlinking: /home/zkm/ros/ros2/Ros2-Module4Class/install/rom2109_description/share/rom2109_description/urdf/lidarbot.urdf
[1.254s] -- Symlinking: /home/zkm/ros/ros2/Ros2-Module4Class/install/rom2109_description/share/rom2109_description/urdf/raw/rom2109_bot.urdf
[1.272s] -- Symlinking: /home/zkm/ros/ros2/Ros2-Module4Class/install/rom2109_description/share/rom2109_description/urdf/raw/rom2109_bot_gazebo.urdf
[1.294s] -- Symlinking: /home/zkm/ros/ros2/Ros2-Module4Class/install/rom2109_description/share/rom2109_description/urdf/raw/rom2109_bot_gazebo11.urdf
[1.314s] -- Symlinking: /home/zkm/ros/ros2/Ros2-Module4Class/install/rom2109_description/share/rom2109_description/urdf/raw/rom2109_short.urdf
[1.336s] -- Symlinking: /home/zkm/ros/ros2/Ros2-Module4Class/install/rom2109_description/share/rom2109_description/urdf/raw/rom2109_short_gazebo.urdf
[1.356s] -- Symlinking: /home/zkm/ros/ros2/Ros2-Module4Class/install/rom2109_description/share/rom2109_description/urdf/raw/rom2109_tall.config
[1.376s] -- Symlinking: /home/zkm/ros/ros2/Ros2-Module4Class/install/rom2109_description/share/rom2109_description/urdf/raw/rom2109_tall.sdf
[1.397s] -- Symlinking: /home/zkm/ros/ros2/Ros2-Module4Class/install/rom2109_description/share/rom2109_description/urdf/raw/rom2109_tall.urdf
[1.418s] -- Symlinking: /home/zkm/ros/ros2/Ros2-Module4Class/install/rom2109_description/share/rom2109_description/urdf/raw/rom2109_tall_gazebo.urdf
[1.437s] -- Symlinking: /home/zkm/ros/ros2/Ros2-Module4Class/install/rom2109_description/share/rom2109_description/urdf/robot.urdf
[1.457s] -- Symlinking: /home/zkm/ros/ros2/Ros2-Module4Class/install/rom2109_description/share/rom2109_description/urdf/robot_sim_ros2_control.urdf.xacro
[1.480s] -- Symlinking: /home/zkm/ros/ros2/Ros2-Module4Class/install/rom2109_description/share/rom2109_description/urdf/rom2109_core.xacro
[1.503s] -- Symlinking: /home/zkm/ros/ros2/Ros2-Module4Class/install/rom2109_description/share/rom2109_description/urdf/sim_ros2_control.xacro
[1.522s] -- Symlinking: /home/zkm/ros/ros2/Ros2-Module4Class/install/rom2109_description/share/rom2109_description/meshes/base_link.STL
[1.543s] -- Symlinking: /home/zkm/ros/ros2/Ros2-Module4Class/install/rom2109_description/share/rom2109_description/meshes/bot/base_link.STL
[1.563s] -- Symlinking: /home/zkm/ros/ros2/Ros2-Module4Class/install/rom2109_description/share/rom2109_description/meshes/bot/frame_link.STL
[1.582s] -- Symlinking: /home/zkm/ros/ros2/Ros2-Module4Class/install/rom2109_description/share/rom2109_description/meshes/bot/left_wheel.STL
[1.601s] -- Symlinking: /home/zkm/ros/ros2/Ros2-Module4Class/install/rom2109_description/share/rom2109_description/meshes/bot/right_wheel.STL
[1.621s] -- Symlinking: /home/zkm/ros/ros2/Ros2-Module4Class/install/rom2109_description/share/rom2109_description/meshes/bot/rp_lidar.STL
[1.643s] -- Symlinking: /home/zkm/ros/ros2/Ros2-Module4Class/install/rom2109_description/share/rom2109_description/meshes/bot/wifi.STL
[1.662s] -- Symlinking: /home/zkm/ros/ros2/Ros2-Module4Class/install/rom2109_description/share/rom2109_description/meshes/camera.STL
[1.683s] -- Symlinking: /home/zkm/ros/ros2/Ros2-Module4Class/install/rom2109_description/share/rom2109_description/meshes/left_wheel.STL
[1.702s] -- Symlinking: /home/zkm/ros/ros2/Ros2-Module4Class/install/rom2109_description/share/rom2109_description/meshes/lidar.STL
[1.721s] -- Symlinking: /home/zkm/ros/ros2/Ros2-Module4Class/install/rom2109_description/share/rom2109_description/meshes/plate1.STL
[1.742s] -- Symlinking: /home/zkm/ros/ros2/Ros2-Module4Class/install/rom2109_description/share/rom2109_description/meshes/plate2.STL
[1.762s] -- Symlinking: /home/zkm/ros/ros2/Ros2-Module4Class/install/rom2109_description/share/rom2109_description/meshes/plate3.STL
[1.781s] -- Symlinking: /home/zkm/ros/ros2/Ros2-Module4Class/install/rom2109_description/share/rom2109_description/meshes/right_wheel.STL
[1.801s] -- Symlinking: /home/zkm/ros/ros2/Ros2-Module4Class/install/rom2109_description/share/rom2109_description/meshes/short/base_link.STL
[1.822s] -- Symlinking: /home/zkm/ros/ros2/Ros2-Module4Class/install/rom2109_description/share/rom2109_description/meshes/short/camera.STL
[1.841s] -- Symlinking: /home/zkm/ros/ros2/Ros2-Module4Class/install/rom2109_description/share/rom2109_description/meshes/short/left_wheel.STL
[1.861s] -- Symlinking: /home/zkm/ros/ros2/Ros2-Module4Class/install/rom2109_description/share/rom2109_description/meshes/short/lidar.STL
[1.888s] -- Symlinking: /home/zkm/ros/ros2/Ros2-Module4Class/install/rom2109_description/share/rom2109_description/meshes/short/plate1.STL
[1.902s] -- Symlinking: /home/zkm/ros/ros2/Ros2-Module4Class/install/rom2109_description/share/rom2109_description/meshes/short/right_wheel.STL
[1.922s] -- Symlinking: /home/zkm/ros/ros2/Ros2-Module4Class/install/rom2109_description/share/rom2109_description/meshes/tall/base_link.STL
[1.943s] -- Symlinking: /home/zkm/ros/ros2/Ros2-Module4Class/install/rom2109_description/share/rom2109_description/meshes/tall/camera.STL
[1.964s] -- Symlinking: /home/zkm/ros/ros2/Ros2-Module4Class/install/rom2109_description/share/rom2109_description/meshes/tall/left_wheel.STL
[1.984s] -- Symlinking: /home/zkm/ros/ros2/Ros2-Module4Class/install/rom2109_description/share/rom2109_description/meshes/tall/lidar.STL
[2.005s] -- Symlinking: /home/zkm/ros/ros2/Ros2-Module4Class/install/rom2109_description/share/rom2109_description/meshes/tall/plate1.STL
[2.026s] -- Symlinking: /home/zkm/ros/ros2/Ros2-Module4Class/install/rom2109_description/share/rom2109_description/meshes/tall/plate2.STL
[2.046s] -- Symlinking: /home/zkm/ros/ros2/Ros2-Module4Class/install/rom2109_description/share/rom2109_description/meshes/tall/plate3.STL
[2.067s] -- Symlinking: /home/zkm/ros/ros2/Ros2-Module4Class/install/rom2109_description/share/rom2109_description/meshes/tall/right_wheel.STL
[2.086s] -- Symlinking: /home/zkm/ros/ros2/Ros2-Module4Class/install/rom2109_description/share/rom2109_description/rviz2/display.rviz
[2.106s] -- Symlinking: /home/zkm/ros/ros2/Ros2-Module4Class/install/rom2109_description/share/ament_index/resource_index/package_run_dependencies/rom2109_description
[2.126s] -- Symlinking: /home/zkm/ros/ros2/Ros2-Module4Class/install/rom2109_description/share/ament_index/resource_index/parent_prefix_path/rom2109_description
[2.149s] -- Symlinking: /home/zkm/ros/ros2/Ros2-Module4Class/install/rom2109_description/share/rom2109_description/environment/ament_prefix_path.sh
[2.168s] -- Symlinking: /home/zkm/ros/ros2/Ros2-Module4Class/install/rom2109_description/share/rom2109_description/environment/ament_prefix_path.dsv
[2.188s] -- Symlinking: /home/zkm/ros/ros2/Ros2-Module4Class/install/rom2109_description/share/rom2109_description/environment/path.sh
[2.206s] -- Symlinking: /home/zkm/ros/ros2/Ros2-Module4Class/install/rom2109_description/share/rom2109_description/environment/path.dsv
[2.226s] -- Symlinking: /home/zkm/ros/ros2/Ros2-Module4Class/install/rom2109_description/share/rom2109_description/local_setup.bash
[2.246s] -- Symlinking: /home/zkm/ros/ros2/Ros2-Module4Class/install/rom2109_description/share/rom2109_description/local_setup.sh
[2.265s] -- Symlinking: /home/zkm/ros/ros2/Ros2-Module4Class/install/rom2109_description/share/rom2109_description/local_setup.zsh
[2.286s] -- Symlinking: /home/zkm/ros/ros2/Ros2-Module4Class/install/rom2109_description/share/rom2109_description/local_setup.dsv
[2.305s] -- Symlinking: /home/zkm/ros/ros2/Ros2-Module4Class/install/rom2109_description/share/rom2109_description/package.dsv
[2.326s] -- Symlinking: /home/zkm/ros/ros2/Ros2-Module4Class/install/rom2109_description/share/ament_index/resource_index/packages/rom2109_description
[2.348s] -- Symlinking: /home/zkm/ros/ros2/Ros2-Module4Class/install/rom2109_description/share/rom2109_description/cmake/rom2109_descriptionConfig.cmake
[2.368s] -- Symlinking: /home/zkm/ros/ros2/Ros2-Module4Class/install/rom2109_description/share/rom2109_description/cmake/rom2109_descriptionConfig-version.cmake
[2.387s] -- Symlinking: /home/zkm/ros/ros2/Ros2-Module4Class/install/rom2109_description/share/rom2109_description/package.xml
[2.410s] Invoked command in '/home/zkm/ros/ros2/Ros2-Module4Class/build/rom2109_description' returned '0': /usr/bin/cmake --install /home/zkm/ros/ros2/Ros2-Module4Class/build/rom2109_description
