-- Install configuration: ""
-- Execute custom install script
-- Up-to-date symlink: /home/zkm/ros/ros2/Ros2-Module4Class/install/rom2109_gazebo/share/rom2109_gazebo//config/ekf.yaml
-- Up-to-date symlink: /home/zkm/ros/ros2/Ros2-Module4Class/install/rom2109_gazebo/share/rom2109_gazebo//config/gazebo_params.yaml
-- Up-to-date symlink: /home/zkm/ros/ros2/Ros2-Module4Class/install/rom2109_gazebo/share/rom2109_gazebo//config/my_ekf.yaml
-- Up-to-date symlink: /home/zkm/ros/ros2/Ros2-Module4Class/install/rom2109_gazebo/share/rom2109_gazebo//config/twist_mux.yaml
-- Up-to-date symlink: /home/zkm/ros/ros2/Ros2-Module4Class/install/rom2109_gazebo/share/rom2109_gazebo//config/twist_mux_race.yaml
-- Up-to-date symlink: /home/zkm/ros/ros2/Ros2-Module4Class/install/rom2109_gazebo/share/rom2109_gazebo//launch/controller_spawner.launch.py
-- Up-to-date symlink: /home/zkm/ros/ros2/Ros2-Module4Class/install/rom2109_gazebo/share/rom2109_gazebo//launch/ekf.launch.py
-- Up-to-date symlink: /home/zkm/ros/ros2/Ros2-Module4Class/install/rom2109_gazebo/share/rom2109_gazebo//launch/rom2109_sim_ros2_control.launch.py
-- Up-to-date symlink: /home/zkm/ros/ros2/Ros2-Module4Class/install/rom2109_gazebo/share/rom2109_gazebo//launch/simulation.launch.py
-- Up-to-date symlink: /home/zkm/ros/ros2/Ros2-Module4Class/install/rom2109_gazebo/share/rom2109_gazebo//launch/simulation_race.launch.py
-- Up-to-date symlink: /home/zkm/ros/ros2/Ros2-Module4Class/install/rom2109_gazebo/share/rom2109_gazebo//launch/test_code_style.launch.py
-- Up-to-date symlink: /home/zkm/ros/ros2/Ros2-Module4Class/install/rom2109_gazebo/share/rom2109_gazebo//launch/test_rom2109_bot_gazebo.launch.py
-- Up-to-date symlink: /home/zkm/ros/ros2/Ros2-Module4Class/install/rom2109_gazebo/share/rom2109_gazebo//launch/test_rom2109_sim_ros2_control_delayed.launch.py
-- Up-to-date symlink: /home/zkm/ros/ros2/Ros2-Module4Class/install/rom2109_gazebo/share/rom2109_gazebo//launch/test_rom2109_tall_gazebo.launch.py
-- Up-to-date symlink: /home/zkm/ros/ros2/Ros2-Module4Class/install/rom2109_gazebo/share/rom2109_gazebo//rviz2/display.rviz
-- Up-to-date symlink: /home/zkm/ros/ros2/Ros2-Module4Class/install/rom2109_gazebo/share/rom2109_gazebo//rviz2/nav2_default_view.rviz
-- Up-to-date symlink: /home/zkm/ros/ros2/Ros2-Module4Class/install/rom2109_gazebo/share/rom2109_gazebo//rviz2/nav2_namespaced_view.rviz
-- Up-to-date symlink: /home/zkm/ros/ros2/Ros2-Module4Class/install/rom2109_gazebo/share/rom2109_gazebo//rviz2/odom_fix.rviz
-- Up-to-date symlink: /home/zkm/ros/ros2/Ros2-Module4Class/install/rom2109_gazebo/share/rom2109_gazebo//rviz2/slam.rviz
-- Up-to-date symlink: /home/zkm/ros/ros2/Ros2-Module4Class/install/rom2109_gazebo/share/rom2109_gazebo//worlds/balls.world
-- Up-to-date symlink: /home/zkm/ros/ros2/Ros2-Module4Class/install/rom2109_gazebo/share/rom2109_gazebo//worlds/f1_race.world
-- Up-to-date symlink: /home/zkm/ros/ros2/Ros2-Module4Class/install/rom2109_gazebo/share/rom2109_gazebo//worlds/one.world
-- Up-to-date symlink: /home/zkm/ros/ros2/Ros2-Module4Class/install/rom2109_gazebo/share/rom2109_gazebo//worlds/rom_maze_1.world
-- Up-to-date symlink: /home/zkm/ros/ros2/Ros2-Module4Class/install/rom2109_gazebo/share/rom2109_gazebo//worlds/rom_maze_4.world
-- Up-to-date symlink: /home/zkm/ros/ros2/Ros2-Module4Class/install/rom2109_gazebo/share/rom2109_gazebo//worlds/single_square.world
-- Up-to-date symlink: /home/zkm/ros/ros2/Ros2-Module4Class/install/rom2109_gazebo/share/ament_index/resource_index/package_run_dependencies/rom2109_gazebo
-- Up-to-date symlink: /home/zkm/ros/ros2/Ros2-Module4Class/install/rom2109_gazebo/share/ament_index/resource_index/parent_prefix_path/rom2109_gazebo
-- Up-to-date symlink: /home/zkm/ros/ros2/Ros2-Module4Class/install/rom2109_gazebo/share/rom2109_gazebo/environment/ament_prefix_path.sh
-- Up-to-date symlink: /home/zkm/ros/ros2/Ros2-Module4Class/install/rom2109_gazebo/share/rom2109_gazebo/environment/ament_prefix_path.dsv
-- Up-to-date symlink: /home/zkm/ros/ros2/Ros2-Module4Class/install/rom2109_gazebo/share/rom2109_gazebo/environment/path.sh
-- Up-to-date symlink: /home/zkm/ros/ros2/Ros2-Module4Class/install/rom2109_gazebo/share/rom2109_gazebo/environment/path.dsv
-- Up-to-date symlink: /home/zkm/ros/ros2/Ros2-Module4Class/install/rom2109_gazebo/share/rom2109_gazebo/local_setup.bash
-- Up-to-date symlink: /home/zkm/ros/ros2/Ros2-Module4Class/install/rom2109_gazebo/share/rom2109_gazebo/local_setup.sh
-- Up-to-date symlink: /home/zkm/ros/ros2/Ros2-Module4Class/install/rom2109_gazebo/share/rom2109_gazebo/local_setup.zsh
-- Up-to-date symlink: /home/zkm/ros/ros2/Ros2-Module4Class/install/rom2109_gazebo/share/rom2109_gazebo/local_setup.dsv
-- Symlinking: /home/zkm/ros/ros2/Ros2-Module4Class/install/rom2109_gazebo/share/rom2109_gazebo/package.dsv
-- Up-to-date symlink: /home/zkm/ros/ros2/Ros2-Module4Class/install/rom2109_gazebo/share/ament_index/resource_index/packages/rom2109_gazebo
-- Up-to-date symlink: /home/zkm/ros/ros2/Ros2-Module4Class/install/rom2109_gazebo/share/rom2109_gazebo/cmake/rom2109_gazeboConfig.cmake
-- Up-to-date symlink: /home/zkm/ros/ros2/Ros2-Module4Class/install/rom2109_gazebo/share/rom2109_gazebo/cmake/rom2109_gazeboConfig-version.cmake
-- Up-to-date symlink: /home/zkm/ros/ros2/Ros2-Module4Class/install/rom2109_gazebo/share/rom2109_gazebo/package.xml
