[0.183s] DEBUG:colcon:Command line arguments: ['/usr/bin/colcon', 'build', '--symlink-install']
[0.183s] DEBUG:colcon:Parsed command line arguments: Namespace(log_base=None, log_level=None, verb_name='build', build_base='build', install_base='install', merge_install=False, symlink_install=True, test_result_base=None, continue_on_error=False, executor='parallel', parallel_workers=8, event_handlers=None, ignore_user_meta=False, metas=['./colcon.meta'], base_paths=['.'], packages_ignore=None, packages_ignore_regex=None, paths=None, packages_up_to=None, packages_up_to_regex=None, packages_above=None, packages_above_and_dependencies=None, packages_above_depth=None, packages_select_by_dep=None, packages_skip_by_dep=None, packages_skip_up_to=None, packages_select_build_failed=False, packages_skip_build_finished=False, packages_select_test_failures=False, packages_skip_test_passed=False, packages_select=None, packages_skip=None, packages_select_regex=None, packages_skip_regex=None, packages_start=None, packages_end=None, allow_overriding=[], cmake_args=None, cmake_target=None, cmake_target_skip_unavailable=False, cmake_clean_cache=False, cmake_clean_first=False, cmake_force_configure=False, ament_cmake_args=None, catkin_cmake_args=None, catkin_skip_building_tests=False, verb_parser=<colcon_defaults.argument_parser.defaults.DefaultArgumentsDecorator object at 0x70c00fd45c60>, verb_extension=<colcon_core.verb.build.BuildVerb object at 0x70c00fd45750>, main=<bound method BuildVerb.main of <colcon_core.verb.build.BuildVerb object at 0x70c00fd45750>>)
[0.357s] Level 1:colcon.colcon_core.package_discovery:discover_packages(colcon_meta) check parameters
[0.357s] Level 1:colcon.colcon_core.package_discovery:discover_packages(recursive) check parameters
[0.357s] Level 1:colcon.colcon_core.package_discovery:discover_packages(ignore) check parameters
[0.357s] Level 1:colcon.colcon_core.package_discovery:discover_packages(path) check parameters
[0.357s] Level 1:colcon.colcon_core.package_discovery:discover_packages(colcon_meta) discover
[0.357s] Level 1:colcon.colcon_core.package_discovery:discover_packages(recursive) discover
[0.357s] INFO:colcon.colcon_core.package_discovery:Crawling recursively for packages in '/home/zkm/ros/ros2/Ros2-Module4Class'
[0.357s] Level 1:colcon.colcon_core.package_identification:_identify(.) by extensions ['ignore', 'ignore_ament_install']
[0.357s] Level 1:colcon.colcon_core.package_identification:_identify(.) by extension 'ignore'
[0.357s] Level 1:colcon.colcon_core.package_identification:_identify(.) by extension 'ignore_ament_install'
[0.358s] Level 1:colcon.colcon_core.package_identification:_identify(.) by extensions ['colcon_pkg']
[0.358s] Level 1:colcon.colcon_core.package_identification:_identify(.) by extension 'colcon_pkg'
[0.358s] Level 1:colcon.colcon_core.package_identification:_identify(.) by extensions ['colcon_meta']
[0.358s] Level 1:colcon.colcon_core.package_identification:_identify(.) by extension 'colcon_meta'
[0.358s] Level 1:colcon.colcon_core.package_identification:_identify(.) by extensions ['ros']
[0.358s] Level 1:colcon.colcon_core.package_identification:_identify(.) by extension 'ros'
[0.367s] Level 1:colcon.colcon_core.package_identification:_identify(.) by extensions ['cmake', 'python']
[0.367s] Level 1:colcon.colcon_core.package_identification:_identify(.) by extension 'cmake'
[0.367s] Level 1:colcon.colcon_core.package_identification:_identify(.) by extension 'python'
[0.368s] Level 1:colcon.colcon_core.package_identification:_identify(.) by extensions ['python_setup_py']
[0.368s] Level 1:colcon.colcon_core.package_identification:_identify(.) by extension 'python_setup_py'
[0.368s] Level 1:colcon.colcon_core.package_identification:_identify(build) by extensions ['ignore', 'ignore_ament_install']
[0.368s] Level 1:colcon.colcon_core.package_identification:_identify(build) by extension 'ignore'
[0.368s] Level 1:colcon.colcon_core.package_identification:_identify(build) ignored
[0.368s] Level 1:colcon.colcon_core.package_identification:_identify(install) by extensions ['ignore', 'ignore_ament_install']
[0.368s] Level 1:colcon.colcon_core.package_identification:_identify(install) by extension 'ignore'
[0.368s] Level 1:colcon.colcon_core.package_identification:_identify(install) ignored
[0.368s] Level 1:colcon.colcon_core.package_identification:_identify(log) by extensions ['ignore', 'ignore_ament_install']
[0.368s] Level 1:colcon.colcon_core.package_identification:_identify(log) by extension 'ignore'
[0.368s] Level 1:colcon.colcon_core.package_identification:_identify(log) ignored
[0.368s] Level 1:colcon.colcon_core.package_identification:_identify(src) by extensions ['ignore', 'ignore_ament_install']
[0.368s] Level 1:colcon.colcon_core.package_identification:_identify(src) by extension 'ignore'
[0.368s] Level 1:colcon.colcon_core.package_identification:_identify(src) by extension 'ignore_ament_install'
[0.368s] Level 1:colcon.colcon_core.package_identification:_identify(src) by extensions ['colcon_pkg']
[0.368s] Level 1:colcon.colcon_core.package_identification:_identify(src) by extension 'colcon_pkg'
[0.369s] Level 1:colcon.colcon_core.package_identification:_identify(src) by extensions ['colcon_meta']
[0.369s] Level 1:colcon.colcon_core.package_identification:_identify(src) by extension 'colcon_meta'
[0.369s] Level 1:colcon.colcon_core.package_identification:_identify(src) by extensions ['ros']
[0.369s] Level 1:colcon.colcon_core.package_identification:_identify(src) by extension 'ros'
[0.369s] Level 1:colcon.colcon_core.package_identification:_identify(src) by extensions ['cmake', 'python']
[0.369s] Level 1:colcon.colcon_core.package_identification:_identify(src) by extension 'cmake'
[0.369s] Level 1:colcon.colcon_core.package_identification:_identify(src) by extension 'python'
[0.369s] Level 1:colcon.colcon_core.package_identification:_identify(src) by extensions ['python_setup_py']
[0.369s] Level 1:colcon.colcon_core.package_identification:_identify(src) by extension 'python_setup_py'
[0.369s] Level 1:colcon.colcon_core.package_identification:_identify(src/rom2109_description) by extensions ['ignore', 'ignore_ament_install']
[0.369s] Level 1:colcon.colcon_core.package_identification:_identify(src/rom2109_description) by extension 'ignore'
[0.369s] Level 1:colcon.colcon_core.package_identification:_identify(src/rom2109_description) by extension 'ignore_ament_install'
[0.369s] Level 1:colcon.colcon_core.package_identification:_identify(src/rom2109_description) by extensions ['colcon_pkg']
[0.369s] Level 1:colcon.colcon_core.package_identification:_identify(src/rom2109_description) by extension 'colcon_pkg'
[0.369s] Level 1:colcon.colcon_core.package_identification:_identify(src/rom2109_description) by extensions ['colcon_meta']
[0.369s] Level 1:colcon.colcon_core.package_identification:_identify(src/rom2109_description) by extension 'colcon_meta'
[0.369s] Level 1:colcon.colcon_core.package_identification:_identify(src/rom2109_description) by extensions ['ros']
[0.369s] Level 1:colcon.colcon_core.package_identification:_identify(src/rom2109_description) by extension 'ros'
[0.371s] DEBUG:colcon.colcon_core.package_identification:Package 'src/rom2109_description' with type 'ros.ament_cmake' and name 'rom2109_description'
[0.372s] Level 1:colcon.colcon_core.package_identification:_identify(src/rom2109_gazebo) by extensions ['ignore', 'ignore_ament_install']
[0.372s] Level 1:colcon.colcon_core.package_identification:_identify(src/rom2109_gazebo) by extension 'ignore'
[0.372s] Level 1:colcon.colcon_core.package_identification:_identify(src/rom2109_gazebo) by extension 'ignore_ament_install'
[0.372s] Level 1:colcon.colcon_core.package_identification:_identify(src/rom2109_gazebo) by extensions ['colcon_pkg']
[0.372s] Level 1:colcon.colcon_core.package_identification:_identify(src/rom2109_gazebo) by extension 'colcon_pkg'
[0.372s] Level 1:colcon.colcon_core.package_identification:_identify(src/rom2109_gazebo) by extensions ['colcon_meta']
[0.372s] Level 1:colcon.colcon_core.package_identification:_identify(src/rom2109_gazebo) by extension 'colcon_meta'
[0.372s] Level 1:colcon.colcon_core.package_identification:_identify(src/rom2109_gazebo) by extensions ['ros']
[0.372s] Level 1:colcon.colcon_core.package_identification:_identify(src/rom2109_gazebo) by extension 'ros'
[0.372s] DEBUG:colcon.colcon_core.package_identification:Package 'src/rom2109_gazebo' with type 'ros.ament_cmake' and name 'rom2109_gazebo'
[0.373s] Level 1:colcon.colcon_core.package_discovery:discover_packages(recursive) using defaults
[0.373s] Level 1:colcon.colcon_core.package_discovery:discover_packages(ignore) discover
[0.373s] Level 1:colcon.colcon_core.package_discovery:discover_packages(ignore) using defaults
[0.373s] Level 1:colcon.colcon_core.package_discovery:discover_packages(path) discover
[0.373s] Level 1:colcon.colcon_core.package_discovery:discover_packages(path) using defaults
[0.399s] Level 1:colcon.colcon_core.package_discovery:discover_packages(prefix_path) check parameters
[0.399s] Level 1:colcon.colcon_core.package_discovery:discover_packages(prefix_path) discover
[0.400s] WARNING:colcon.colcon_ros.prefix_path.ament:The path '/home/zkm/ros/ros2/Ros2-Module4Class/install/simulation' in the environment variable AMENT_PREFIX_PATH doesn't exist
[0.400s] WARNING:colcon.colcon_ros.prefix_path.catkin:The path '/home/zkm/ros/ros2/Ros2-Module4Class/install/simulation' in the environment variable CMAKE_PREFIX_PATH doesn't exist
[0.401s] DEBUG:colcon.colcon_installed_package_information.package_discovery:Found 0 installed packages in /home/zkm/ros/ros2/Ros2-Module4Class/install
[0.401s] DEBUG:colcon.colcon_installed_package_information.package_discovery:Found 2 installed packages in /home/zkm/ros/ros2/Ros2-Module4-Ros2ControlExam/install
[0.402s] DEBUG:colcon.colcon_installed_package_information.package_discovery:Found 7 installed packages in /home/zkm/ros/ros2/wp/install
[0.402s] DEBUG:colcon.colcon_installed_package_information.package_discovery:Found 3 installed packages in /home/zkm/ros/ros2/Ros2-Module3Exam/install
[0.402s] Level 1:colcon.colcon_core.package_discovery:discover_packages(prefix_path) using defaults
[0.404s] Level 5:colcon.colcon_core.verb:set package 'rom2109_description' build argument 'cmake_args' from command line to 'None'
[0.404s] Level 5:colcon.colcon_core.verb:set package 'rom2109_description' build argument 'cmake_target' from command line to 'None'
[0.404s] Level 5:colcon.colcon_core.verb:set package 'rom2109_description' build argument 'cmake_target_skip_unavailable' from command line to 'False'
[0.404s] Level 5:colcon.colcon_core.verb:set package 'rom2109_description' build argument 'cmake_clean_cache' from command line to 'False'
[0.404s] Level 5:colcon.colcon_core.verb:set package 'rom2109_description' build argument 'cmake_clean_first' from command line to 'False'
[0.404s] Level 5:colcon.colcon_core.verb:set package 'rom2109_description' build argument 'cmake_force_configure' from command line to 'False'
[0.404s] Level 5:colcon.colcon_core.verb:set package 'rom2109_description' build argument 'ament_cmake_args' from command line to 'None'
[0.404s] Level 5:colcon.colcon_core.verb:set package 'rom2109_description' build argument 'catkin_cmake_args' from command line to 'None'
[0.404s] Level 5:colcon.colcon_core.verb:set package 'rom2109_description' build argument 'catkin_skip_building_tests' from command line to 'False'
[0.404s] DEBUG:colcon.colcon_core.verb:Building package 'rom2109_description' with the following arguments: {'ament_cmake_args': None, 'build_base': '/home/zkm/ros/ros2/Ros2-Module4Class/build/rom2109_description', 'catkin_cmake_args': None, 'catkin_skip_building_tests': False, 'cmake_args': None, 'cmake_clean_cache': False, 'cmake_clean_first': False, 'cmake_force_configure': False, 'cmake_target': None, 'cmake_target_skip_unavailable': False, 'install_base': '/home/zkm/ros/ros2/Ros2-Module4Class/install/rom2109_description', 'merge_install': False, 'path': '/home/zkm/ros/ros2/Ros2-Module4Class/src/rom2109_description', 'symlink_install': True, 'test_result_base': None}
[0.405s] Level 5:colcon.colcon_core.verb:set package 'rom2109_gazebo' build argument 'cmake_args' from command line to 'None'
[0.405s] Level 5:colcon.colcon_core.verb:set package 'rom2109_gazebo' build argument 'cmake_target' from command line to 'None'
[0.405s] Level 5:colcon.colcon_core.verb:set package 'rom2109_gazebo' build argument 'cmake_target_skip_unavailable' from command line to 'False'
[0.405s] Level 5:colcon.colcon_core.verb:set package 'rom2109_gazebo' build argument 'cmake_clean_cache' from command line to 'False'
[0.405s] Level 5:colcon.colcon_core.verb:set package 'rom2109_gazebo' build argument 'cmake_clean_first' from command line to 'False'
[0.405s] Level 5:colcon.colcon_core.verb:set package 'rom2109_gazebo' build argument 'cmake_force_configure' from command line to 'False'
[0.405s] Level 5:colcon.colcon_core.verb:set package 'rom2109_gazebo' build argument 'ament_cmake_args' from command line to 'None'
[0.405s] Level 5:colcon.colcon_core.verb:set package 'rom2109_gazebo' build argument 'catkin_cmake_args' from command line to 'None'
[0.405s] Level 5:colcon.colcon_core.verb:set package 'rom2109_gazebo' build argument 'catkin_skip_building_tests' from command line to 'False'
[0.405s] DEBUG:colcon.colcon_core.verb:Building package 'rom2109_gazebo' with the following arguments: {'ament_cmake_args': None, 'build_base': '/home/zkm/ros/ros2/Ros2-Module4Class/build/rom2109_gazebo', 'catkin_cmake_args': None, 'catkin_skip_building_tests': False, 'cmake_args': None, 'cmake_clean_cache': False, 'cmake_clean_first': False, 'cmake_force_configure': False, 'cmake_target': None, 'cmake_target_skip_unavailable': False, 'install_base': '/home/zkm/ros/ros2/Ros2-Module4Class/install/rom2109_gazebo', 'merge_install': False, 'path': '/home/zkm/ros/ros2/Ros2-Module4Class/src/rom2109_gazebo', 'symlink_install': True, 'test_result_base': None}
[0.405s] INFO:colcon.colcon_core.executor:Executing jobs using 'parallel' executor
[0.406s] DEBUG:colcon.colcon_parallel_executor.executor.parallel:run_until_complete
[0.406s] INFO:colcon.colcon_ros.task.ament_cmake.build:Building ROS package in '/home/zkm/ros/ros2/Ros2-Module4Class/src/rom2109_description' with build type 'ament_cmake'
[0.406s] INFO:colcon.colcon_cmake.task.cmake.build:Building CMake package in '/home/zkm/ros/ros2/Ros2-Module4Class/src/rom2109_description'
[0.408s] INFO:colcon.colcon_core.plugin_system:Skipping extension 'colcon_core.shell.bat': Not used on non-Windows systems
[0.408s] INFO:colcon.colcon_core.shell:Skip shell extension 'powershell' for command environment: Not usable outside of PowerShell
[0.408s] DEBUG:colcon.colcon_core.shell:Skip shell extension 'dsv' for command environment
[0.411s] INFO:colcon.colcon_ros.task.ament_cmake.build:Building ROS package in '/home/zkm/ros/ros2/Ros2-Module4Class/src/rom2109_gazebo' with build type 'ament_cmake'
[0.411s] INFO:colcon.colcon_cmake.task.cmake.build:Building CMake package in '/home/zkm/ros/ros2/Ros2-Module4Class/src/rom2109_gazebo'
[0.412s] INFO:colcon.colcon_core.shell:Skip shell extension 'powershell' for command environment: Not usable outside of PowerShell
[0.412s] DEBUG:colcon.colcon_core.shell:Skip shell extension 'dsv' for command environment
[0.420s] DEBUG:colcon.colcon_core.event_handler.log_command:Invoking command in '/home/zkm/ros/ros2/Ros2-Module4Class/build/rom2109_description': /usr/bin/cmake /home/zkm/ros/ros2/Ros2-Module4Class/src/rom2109_description -DAMENT_CMAKE_SYMLINK_INSTALL=1 -DCMAKE_INSTALL_PREFIX=/home/zkm/ros/ros2/Ros2-Module4Class/install/rom2109_description
[0.423s] DEBUG:colcon.colcon_core.event_handler.log_command:Invoking command in '/home/zkm/ros/ros2/Ros2-Module4Class/build/rom2109_gazebo': /usr/bin/cmake /home/zkm/ros/ros2/Ros2-Module4Class/src/rom2109_gazebo -DAMENT_CMAKE_SYMLINK_INSTALL=1 -DCMAKE_INSTALL_PREFIX=/home/zkm/ros/ros2/Ros2-Module4Class/install/rom2109_gazebo
[1.372s] DEBUG:colcon.colcon_core.event_handler.log_command:Invoked command in '/home/zkm/ros/ros2/Ros2-Module4Class/build/rom2109_gazebo' returned '0': /usr/bin/cmake /home/zkm/ros/ros2/Ros2-Module4Class/src/rom2109_gazebo -DAMENT_CMAKE_SYMLINK_INSTALL=1 -DCMAKE_INSTALL_PREFIX=/home/zkm/ros/ros2/Ros2-Module4Class/install/rom2109_gazebo
[1.374s] DEBUG:colcon.colcon_core.event_handler.log_command:Invoking command in '/home/zkm/ros/ros2/Ros2-Module4Class/build/rom2109_gazebo': /usr/bin/cmake --build /home/zkm/ros/ros2/Ros2-Module4Class/build/rom2109_gazebo -- -j8 -l8
[1.394s] DEBUG:colcon.colcon_core.event_handler.log_command:Invoked command in '/home/zkm/ros/ros2/Ros2-Module4Class/build/rom2109_description' returned '0': /usr/bin/cmake /home/zkm/ros/ros2/Ros2-Module4Class/src/rom2109_description -DAMENT_CMAKE_SYMLINK_INSTALL=1 -DCMAKE_INSTALL_PREFIX=/home/zkm/ros/ros2/Ros2-Module4Class/install/rom2109_description
[1.395s] DEBUG:colcon.colcon_core.event_handler.log_command:Invoking command in '/home/zkm/ros/ros2/Ros2-Module4Class/build/rom2109_description': /usr/bin/cmake --build /home/zkm/ros/ros2/Ros2-Module4Class/build/rom2109_description -- -j8 -l8
[1.419s] DEBUG:colcon.colcon_core.event_handler.log_command:Invoked command in '/home/zkm/ros/ros2/Ros2-Module4Class/build/rom2109_gazebo' returned '0': /usr/bin/cmake --build /home/zkm/ros/ros2/Ros2-Module4Class/build/rom2109_gazebo -- -j8 -l8
[1.442s] DEBUG:colcon.colcon_core.event_handler.log_command:Invoked command in '/home/zkm/ros/ros2/Ros2-Module4Class/build/rom2109_description' returned '0': /usr/bin/cmake --build /home/zkm/ros/ros2/Ros2-Module4Class/build/rom2109_description -- -j8 -l8
[1.459s] DEBUG:colcon.colcon_core.event_handler.log_command:Invoking command in '/home/zkm/ros/ros2/Ros2-Module4Class/build/rom2109_gazebo': /usr/bin/cmake --install /home/zkm/ros/ros2/Ros2-Module4Class/build/rom2109_gazebo
[1.474s] DEBUG:colcon.colcon_core.event_handler.log_command:Invoking command in '/home/zkm/ros/ros2/Ros2-Module4Class/build/rom2109_description': /usr/bin/cmake --install /home/zkm/ros/ros2/Ros2-Module4Class/build/rom2109_description
[2.270s] Level 1:colcon.colcon_core.environment:create_environment_scripts_only(rom2109_gazebo)
[2.272s] DEBUG:colcon.colcon_core.event_handler.log_command:Invoked command in '/home/zkm/ros/ros2/Ros2-Module4Class/build/rom2109_gazebo' returned '0': /usr/bin/cmake --install /home/zkm/ros/ros2/Ros2-Module4Class/build/rom2109_gazebo
[2.278s] Level 1:colcon.colcon_core.environment:checking '/home/zkm/ros/ros2/Ros2-Module4Class/install/rom2109_gazebo' for CMake module files
[2.279s] Level 1:colcon.colcon_core.environment:checking '/home/zkm/ros/ros2/Ros2-Module4Class/install/rom2109_gazebo' for CMake config files
[2.280s] Level 1:colcon.colcon_core.shell:create_environment_hook('rom2109_gazebo', 'cmake_prefix_path')
[2.280s] INFO:colcon.colcon_core.shell:Creating environment hook '/home/zkm/ros/ros2/Ros2-Module4Class/install/rom2109_gazebo/share/rom2109_gazebo/hook/cmake_prefix_path.ps1'
[2.282s] INFO:colcon.colcon_core.shell:Creating environment descriptor '/home/zkm/ros/ros2/Ros2-Module4Class/install/rom2109_gazebo/share/rom2109_gazebo/hook/cmake_prefix_path.dsv'
[2.282s] INFO:colcon.colcon_core.shell:Creating environment hook '/home/zkm/ros/ros2/Ros2-Module4Class/install/rom2109_gazebo/share/rom2109_gazebo/hook/cmake_prefix_path.sh'
[2.284s] Level 1:colcon.colcon_core.environment:checking '/home/zkm/ros/ros2/Ros2-Module4Class/install/rom2109_gazebo/bin'
[2.284s] Level 1:colcon.colcon_core.environment:checking '/home/zkm/ros/ros2/Ros2-Module4Class/install/rom2109_gazebo/lib/pkgconfig/rom2109_gazebo.pc'
[2.290s] Level 1:colcon.colcon_core.environment:checking '/home/zkm/ros/ros2/Ros2-Module4Class/install/rom2109_gazebo/lib/python3.10/site-packages'
[2.290s] Level 1:colcon.colcon_core.environment:checking '/home/zkm/ros/ros2/Ros2-Module4Class/install/rom2109_gazebo/bin'
[2.291s] INFO:colcon.colcon_core.shell:Creating package script '/home/zkm/ros/ros2/Ros2-Module4Class/install/rom2109_gazebo/share/rom2109_gazebo/package.ps1'
[2.294s] INFO:colcon.colcon_core.shell:Creating package descriptor '/home/zkm/ros/ros2/Ros2-Module4Class/install/rom2109_gazebo/share/rom2109_gazebo/package.dsv'
[2.296s] INFO:colcon.colcon_core.shell:Creating package script '/home/zkm/ros/ros2/Ros2-Module4Class/install/rom2109_gazebo/share/rom2109_gazebo/package.sh'
[2.297s] INFO:colcon.colcon_core.shell:Creating package script '/home/zkm/ros/ros2/Ros2-Module4Class/install/rom2109_gazebo/share/rom2109_gazebo/package.bash'
[2.300s] INFO:colcon.colcon_core.shell:Creating package script '/home/zkm/ros/ros2/Ros2-Module4Class/install/rom2109_gazebo/share/rom2109_gazebo/package.zsh'
[2.303s] Level 1:colcon.colcon_core.environment:create_file_with_runtime_dependencies(/home/zkm/ros/ros2/Ros2-Module4Class/install/rom2109_gazebo/share/colcon-core/packages/rom2109_gazebo)
[2.355s] Level 1:colcon.colcon_core.environment:create_environment_scripts_only(rom2109_gazebo)
[2.355s] Level 1:colcon.colcon_core.environment:checking '/home/zkm/ros/ros2/Ros2-Module4Class/install/rom2109_gazebo' for CMake module files
[2.356s] Level 1:colcon.colcon_core.environment:checking '/home/zkm/ros/ros2/Ros2-Module4Class/install/rom2109_gazebo' for CMake config files
[2.357s] Level 1:colcon.colcon_core.shell:create_environment_hook('rom2109_gazebo', 'cmake_prefix_path')
[2.358s] INFO:colcon.colcon_core.shell:Creating environment hook '/home/zkm/ros/ros2/Ros2-Module4Class/install/rom2109_gazebo/share/rom2109_gazebo/hook/cmake_prefix_path.ps1'
[2.359s] INFO:colcon.colcon_core.shell:Creating environment descriptor '/home/zkm/ros/ros2/Ros2-Module4Class/install/rom2109_gazebo/share/rom2109_gazebo/hook/cmake_prefix_path.dsv'
[2.359s] INFO:colcon.colcon_core.shell:Creating environment hook '/home/zkm/ros/ros2/Ros2-Module4Class/install/rom2109_gazebo/share/rom2109_gazebo/hook/cmake_prefix_path.sh'
[2.360s] Level 1:colcon.colcon_core.environment:checking '/home/zkm/ros/ros2/Ros2-Module4Class/install/rom2109_gazebo/bin'
[2.361s] Level 1:colcon.colcon_core.environment:checking '/home/zkm/ros/ros2/Ros2-Module4Class/install/rom2109_gazebo/lib/pkgconfig/rom2109_gazebo.pc'
[2.361s] Level 1:colcon.colcon_core.environment:checking '/home/zkm/ros/ros2/Ros2-Module4Class/install/rom2109_gazebo/lib/python3.10/site-packages'
[2.362s] Level 1:colcon.colcon_core.environment:checking '/home/zkm/ros/ros2/Ros2-Module4Class/install/rom2109_gazebo/bin'
[2.362s] INFO:colcon.colcon_core.shell:Creating package script '/home/zkm/ros/ros2/Ros2-Module4Class/install/rom2109_gazebo/share/rom2109_gazebo/package.ps1'
[2.364s] INFO:colcon.colcon_core.shell:Creating package descriptor '/home/zkm/ros/ros2/Ros2-Module4Class/install/rom2109_gazebo/share/rom2109_gazebo/package.dsv'
[2.365s] INFO:colcon.colcon_core.shell:Creating package script '/home/zkm/ros/ros2/Ros2-Module4Class/install/rom2109_gazebo/share/rom2109_gazebo/package.sh'
[2.366s] INFO:colcon.colcon_core.shell:Creating package script '/home/zkm/ros/ros2/Ros2-Module4Class/install/rom2109_gazebo/share/rom2109_gazebo/package.bash'
[2.367s] INFO:colcon.colcon_core.shell:Creating package script '/home/zkm/ros/ros2/Ros2-Module4Class/install/rom2109_gazebo/share/rom2109_gazebo/package.zsh'
[2.368s] Level 1:colcon.colcon_core.environment:create_file_with_runtime_dependencies(/home/zkm/ros/ros2/Ros2-Module4Class/install/rom2109_gazebo/share/colcon-core/packages/rom2109_gazebo)
[2.815s] Level 1:colcon.colcon_core.environment:create_environment_scripts_only(rom2109_description)
[2.816s] Level 1:colcon.colcon_core.environment:checking '/home/zkm/ros/ros2/Ros2-Module4Class/install/rom2109_description' for CMake module files
[2.817s] DEBUG:colcon.colcon_core.event_handler.log_command:Invoked command in '/home/zkm/ros/ros2/Ros2-Module4Class/build/rom2109_description' returned '0': /usr/bin/cmake --install /home/zkm/ros/ros2/Ros2-Module4Class/build/rom2109_description
[2.818s] Level 1:colcon.colcon_core.environment:checking '/home/zkm/ros/ros2/Ros2-Module4Class/install/rom2109_description' for CMake config files
[2.819s] Level 1:colcon.colcon_core.shell:create_environment_hook('rom2109_description', 'cmake_prefix_path')
[2.819s] INFO:colcon.colcon_core.shell:Creating environment hook '/home/zkm/ros/ros2/Ros2-Module4Class/install/rom2109_description/share/rom2109_description/hook/cmake_prefix_path.ps1'
[2.820s] INFO:colcon.colcon_core.shell:Creating environment descriptor '/home/zkm/ros/ros2/Ros2-Module4Class/install/rom2109_description/share/rom2109_description/hook/cmake_prefix_path.dsv'
[2.821s] INFO:colcon.colcon_core.shell:Creating environment hook '/home/zkm/ros/ros2/Ros2-Module4Class/install/rom2109_description/share/rom2109_description/hook/cmake_prefix_path.sh'
[2.822s] Level 1:colcon.colcon_core.environment:checking '/home/zkm/ros/ros2/Ros2-Module4Class/install/rom2109_description/bin'
[2.822s] Level 1:colcon.colcon_core.environment:checking '/home/zkm/ros/ros2/Ros2-Module4Class/install/rom2109_description/lib/pkgconfig/rom2109_description.pc'
[2.823s] Level 1:colcon.colcon_core.environment:checking '/home/zkm/ros/ros2/Ros2-Module4Class/install/rom2109_description/lib/python3.10/site-packages'
[2.823s] Level 1:colcon.colcon_core.environment:checking '/home/zkm/ros/ros2/Ros2-Module4Class/install/rom2109_description/bin'
[2.824s] INFO:colcon.colcon_core.shell:Creating package script '/home/zkm/ros/ros2/Ros2-Module4Class/install/rom2109_description/share/rom2109_description/package.ps1'
[2.825s] INFO:colcon.colcon_core.shell:Creating package descriptor '/home/zkm/ros/ros2/Ros2-Module4Class/install/rom2109_description/share/rom2109_description/package.dsv'
[2.826s] INFO:colcon.colcon_core.shell:Creating package script '/home/zkm/ros/ros2/Ros2-Module4Class/install/rom2109_description/share/rom2109_description/package.sh'
[2.827s] INFO:colcon.colcon_core.shell:Creating package script '/home/zkm/ros/ros2/Ros2-Module4Class/install/rom2109_description/share/rom2109_description/package.bash'
[2.828s] INFO:colcon.colcon_core.shell:Creating package script '/home/zkm/ros/ros2/Ros2-Module4Class/install/rom2109_description/share/rom2109_description/package.zsh'
[2.828s] Level 1:colcon.colcon_core.environment:create_file_with_runtime_dependencies(/home/zkm/ros/ros2/Ros2-Module4Class/install/rom2109_description/share/colcon-core/packages/rom2109_description)
[2.880s] Level 1:colcon.colcon_core.environment:create_environment_scripts_only(rom2109_description)
[2.881s] Level 1:colcon.colcon_core.environment:checking '/home/zkm/ros/ros2/Ros2-Module4Class/install/rom2109_description' for CMake module files
[2.882s] Level 1:colcon.colcon_core.environment:checking '/home/zkm/ros/ros2/Ros2-Module4Class/install/rom2109_description' for CMake config files
[2.883s] Level 1:colcon.colcon_core.shell:create_environment_hook('rom2109_description', 'cmake_prefix_path')
[2.884s] INFO:colcon.colcon_core.shell:Creating environment hook '/home/zkm/ros/ros2/Ros2-Module4Class/install/rom2109_description/share/rom2109_description/hook/cmake_prefix_path.ps1'
[2.885s] INFO:colcon.colcon_core.shell:Creating environment descriptor '/home/zkm/ros/ros2/Ros2-Module4Class/install/rom2109_description/share/rom2109_description/hook/cmake_prefix_path.dsv'
[2.886s] INFO:colcon.colcon_core.shell:Creating environment hook '/home/zkm/ros/ros2/Ros2-Module4Class/install/rom2109_description/share/rom2109_description/hook/cmake_prefix_path.sh'
[2.887s] Level 1:colcon.colcon_core.environment:checking '/home/zkm/ros/ros2/Ros2-Module4Class/install/rom2109_description/bin'
[2.888s] Level 1:colcon.colcon_core.environment:checking '/home/zkm/ros/ros2/Ros2-Module4Class/install/rom2109_description/lib/pkgconfig/rom2109_description.pc'
[2.889s] Level 1:colcon.colcon_core.environment:checking '/home/zkm/ros/ros2/Ros2-Module4Class/install/rom2109_description/lib/python3.10/site-packages'
[2.889s] Level 1:colcon.colcon_core.environment:checking '/home/zkm/ros/ros2/Ros2-Module4Class/install/rom2109_description/bin'
[2.890s] INFO:colcon.colcon_core.shell:Creating package script '/home/zkm/ros/ros2/Ros2-Module4Class/install/rom2109_description/share/rom2109_description/package.ps1'
[2.892s] INFO:colcon.colcon_core.shell:Creating package descriptor '/home/zkm/ros/ros2/Ros2-Module4Class/install/rom2109_description/share/rom2109_description/package.dsv'
[2.893s] INFO:colcon.colcon_core.shell:Creating package script '/home/zkm/ros/ros2/Ros2-Module4Class/install/rom2109_description/share/rom2109_description/package.sh'
[2.894s] INFO:colcon.colcon_core.shell:Creating package script '/home/zkm/ros/ros2/Ros2-Module4Class/install/rom2109_description/share/rom2109_description/package.bash'
[2.895s] INFO:colcon.colcon_core.shell:Creating package script '/home/zkm/ros/ros2/Ros2-Module4Class/install/rom2109_description/share/rom2109_description/package.zsh'
[2.897s] Level 1:colcon.colcon_core.environment:create_file_with_runtime_dependencies(/home/zkm/ros/ros2/Ros2-Module4Class/install/rom2109_description/share/colcon-core/packages/rom2109_description)
[2.898s] DEBUG:colcon.colcon_parallel_executor.executor.parallel:closing loop
[2.898s] DEBUG:colcon.colcon_parallel_executor.executor.parallel:loop closed
[2.899s] DEBUG:colcon.colcon_parallel_executor.executor.parallel:run_until_complete finished with '0'
[2.899s] DEBUG:colcon.colcon_core.event_reactor:joining thread
[2.912s] INFO:colcon.colcon_core.plugin_system:Skipping extension 'colcon_notification.desktop_notification.terminal_notifier': Not used on non-Darwin systems
[2.912s] INFO:colcon.colcon_core.plugin_system:Skipping extension 'colcon_notification.desktop_notification.win32': Not used on non-Windows systems
[2.912s] INFO:colcon.colcon_notification.desktop_notification:Sending desktop notification using 'notify2'
[2.938s] DEBUG:colcon.colcon_core.event_reactor:joined thread
[2.939s] INFO:colcon.colcon_core.shell:Creating prefix script '/home/zkm/ros/ros2/Ros2-Module4Class/install/local_setup.ps1'
[2.943s] INFO:colcon.colcon_core.shell:Creating prefix util module '/home/zkm/ros/ros2/Ros2-Module4Class/install/_local_setup_util_ps1.py'
[2.949s] INFO:colcon.colcon_core.shell:Creating prefix chain script '/home/zkm/ros/ros2/Ros2-Module4Class/install/setup.ps1'
[2.953s] INFO:colcon.colcon_core.shell:Creating prefix script '/home/zkm/ros/ros2/Ros2-Module4Class/install/local_setup.sh'
[2.954s] INFO:colcon.colcon_core.shell:Creating prefix util module '/home/zkm/ros/ros2/Ros2-Module4Class/install/_local_setup_util_sh.py'
[2.956s] INFO:colcon.colcon_core.shell:Creating prefix chain script '/home/zkm/ros/ros2/Ros2-Module4Class/install/setup.sh'
[2.960s] INFO:colcon.colcon_core.shell:Creating prefix script '/home/zkm/ros/ros2/Ros2-Module4Class/install/local_setup.bash'
[2.962s] INFO:colcon.colcon_core.shell:Creating prefix chain script '/home/zkm/ros/ros2/Ros2-Module4Class/install/setup.bash'
[2.967s] INFO:colcon.colcon_core.shell:Creating prefix script '/home/zkm/ros/ros2/Ros2-Module4Class/install/local_setup.zsh'
[2.969s] INFO:colcon.colcon_core.shell:Creating prefix chain script '/home/zkm/ros/ros2/Ros2-Module4Class/install/setup.zsh'
