[0.194s] DEBUG:colcon:Command line arguments: ['/usr/bin/colcon', 'build', '--symlink-install']
[0.194s] DEBUG:colcon:Parsed command line arguments: Namespace(log_base=None, log_level=None, verb_name='build', build_base='build', install_base='install', merge_install=False, symlink_install=True, test_result_base=None, continue_on_error=False, executor='parallel', parallel_workers=8, event_handlers=None, ignore_user_meta=False, metas=['./colcon.meta'], base_paths=['.'], packages_ignore=None, packages_ignore_regex=None, paths=None, packages_up_to=None, packages_up_to_regex=None, packages_above=None, packages_above_and_dependencies=None, packages_above_depth=None, packages_select_by_dep=None, packages_skip_by_dep=None, packages_skip_up_to=None, packages_select_build_failed=False, packages_skip_build_finished=False, packages_select_test_failures=False, packages_skip_test_passed=False, packages_select=None, packages_skip=None, packages_select_regex=None, packages_skip_regex=None, packages_start=None, packages_end=None, allow_overriding=[], cmake_args=None, cmake_target=None, cmake_target_skip_unavailable=False, cmake_clean_cache=False, cmake_clean_first=False, cmake_force_configure=False, ament_cmake_args=None, catkin_cmake_args=None, catkin_skip_building_tests=False, verb_parser=<colcon_defaults.argument_parser.defaults.DefaultArgumentsDecorator object at 0x712a3ba31c60>, verb_extension=<colcon_core.verb.build.BuildVerb object at 0x712a3ba31750>, main=<bound method BuildVerb.main of <colcon_core.verb.build.BuildVerb object at 0x712a3ba31750>>)
[0.371s] Level 1:colcon.colcon_core.package_discovery:discover_packages(colcon_meta) check parameters
[0.371s] Level 1:colcon.colcon_core.package_discovery:discover_packages(recursive) check parameters
[0.371s] Level 1:colcon.colcon_core.package_discovery:discover_packages(ignore) check parameters
[0.371s] Level 1:colcon.colcon_core.package_discovery:discover_packages(path) check parameters
[0.371s] Level 1:colcon.colcon_core.package_discovery:discover_packages(colcon_meta) discover
[0.371s] Level 1:colcon.colcon_core.package_discovery:discover_packages(recursive) discover
[0.371s] INFO:colcon.colcon_core.package_discovery:Crawling recursively for packages in '/home/zkm/ros/ros2/Ros2-Module4Class'
[0.371s] Level 1:colcon.colcon_core.package_identification:_identify(.) by extensions ['ignore', 'ignore_ament_install']
[0.371s] Level 1:colcon.colcon_core.package_identification:_identify(.) by extension 'ignore'
[0.371s] Level 1:colcon.colcon_core.package_identification:_identify(.) by extension 'ignore_ament_install'
[0.371s] Level 1:colcon.colcon_core.package_identification:_identify(.) by extensions ['colcon_pkg']
[0.371s] Level 1:colcon.colcon_core.package_identification:_identify(.) by extension 'colcon_pkg'
[0.371s] Level 1:colcon.colcon_core.package_identification:_identify(.) by extensions ['colcon_meta']
[0.371s] Level 1:colcon.colcon_core.package_identification:_identify(.) by extension 'colcon_meta'
[0.371s] Level 1:colcon.colcon_core.package_identification:_identify(.) by extensions ['ros']
[0.371s] Level 1:colcon.colcon_core.package_identification:_identify(.) by extension 'ros'
[0.381s] Level 1:colcon.colcon_core.package_identification:_identify(.) by extensions ['cmake', 'python']
[0.381s] Level 1:colcon.colcon_core.package_identification:_identify(.) by extension 'cmake'
[0.381s] Level 1:colcon.colcon_core.package_identification:_identify(.) by extension 'python'
[0.381s] Level 1:colcon.colcon_core.package_identification:_identify(.) by extensions ['python_setup_py']
[0.381s] Level 1:colcon.colcon_core.package_identification:_identify(.) by extension 'python_setup_py'
[0.381s] Level 1:colcon.colcon_core.package_identification:_identify(build) by extensions ['ignore', 'ignore_ament_install']
[0.381s] Level 1:colcon.colcon_core.package_identification:_identify(build) by extension 'ignore'
[0.381s] Level 1:colcon.colcon_core.package_identification:_identify(build) ignored
[0.382s] Level 1:colcon.colcon_core.package_identification:_identify(install) by extensions ['ignore', 'ignore_ament_install']
[0.382s] Level 1:colcon.colcon_core.package_identification:_identify(install) by extension 'ignore'
[0.382s] Level 1:colcon.colcon_core.package_identification:_identify(install) ignored
[0.382s] Level 1:colcon.colcon_core.package_identification:_identify(log) by extensions ['ignore', 'ignore_ament_install']
[0.382s] Level 1:colcon.colcon_core.package_identification:_identify(log) by extension 'ignore'
[0.382s] Level 1:colcon.colcon_core.package_identification:_identify(log) ignored
[0.382s] Level 1:colcon.colcon_core.package_identification:_identify(src) by extensions ['ignore', 'ignore_ament_install']
[0.382s] Level 1:colcon.colcon_core.package_identification:_identify(src) by extension 'ignore'
[0.382s] Level 1:colcon.colcon_core.package_identification:_identify(src) by extension 'ignore_ament_install'
[0.382s] Level 1:colcon.colcon_core.package_identification:_identify(src) by extensions ['colcon_pkg']
[0.382s] Level 1:colcon.colcon_core.package_identification:_identify(src) by extension 'colcon_pkg'
[0.382s] Level 1:colcon.colcon_core.package_identification:_identify(src) by extensions ['colcon_meta']
[0.382s] Level 1:colcon.colcon_core.package_identification:_identify(src) by extension 'colcon_meta'
[0.382s] Level 1:colcon.colcon_core.package_identification:_identify(src) by extensions ['ros']
[0.382s] Level 1:colcon.colcon_core.package_identification:_identify(src) by extension 'ros'
[0.382s] Level 1:colcon.colcon_core.package_identification:_identify(src) by extensions ['cmake', 'python']
[0.382s] Level 1:colcon.colcon_core.package_identification:_identify(src) by extension 'cmake'
[0.382s] Level 1:colcon.colcon_core.package_identification:_identify(src) by extension 'python'
[0.382s] Level 1:colcon.colcon_core.package_identification:_identify(src) by extensions ['python_setup_py']
[0.382s] Level 1:colcon.colcon_core.package_identification:_identify(src) by extension 'python_setup_py'
[0.383s] Level 1:colcon.colcon_core.package_identification:_identify(src/rom2109_description) by extensions ['ignore', 'ignore_ament_install']
[0.383s] Level 1:colcon.colcon_core.package_identification:_identify(src/rom2109_description) by extension 'ignore'
[0.383s] Level 1:colcon.colcon_core.package_identification:_identify(src/rom2109_description) by extension 'ignore_ament_install'
[0.383s] Level 1:colcon.colcon_core.package_identification:_identify(src/rom2109_description) by extensions ['colcon_pkg']
[0.383s] Level 1:colcon.colcon_core.package_identification:_identify(src/rom2109_description) by extension 'colcon_pkg'
[0.383s] Level 1:colcon.colcon_core.package_identification:_identify(src/rom2109_description) by extensions ['colcon_meta']
[0.383s] Level 1:colcon.colcon_core.package_identification:_identify(src/rom2109_description) by extension 'colcon_meta'
[0.383s] Level 1:colcon.colcon_core.package_identification:_identify(src/rom2109_description) by extensions ['ros']
[0.383s] Level 1:colcon.colcon_core.package_identification:_identify(src/rom2109_description) by extension 'ros'
[0.385s] DEBUG:colcon.colcon_core.package_identification:Package 'src/rom2109_description' with type 'ros.ament_cmake' and name 'rom2109_description'
[0.385s] Level 1:colcon.colcon_core.package_identification:_identify(src/rom2109_gazebo) by extensions ['ignore', 'ignore_ament_install']
[0.385s] Level 1:colcon.colcon_core.package_identification:_identify(src/rom2109_gazebo) by extension 'ignore'
[0.385s] Level 1:colcon.colcon_core.package_identification:_identify(src/rom2109_gazebo) by extension 'ignore_ament_install'
[0.385s] Level 1:colcon.colcon_core.package_identification:_identify(src/rom2109_gazebo) by extensions ['colcon_pkg']
[0.385s] Level 1:colcon.colcon_core.package_identification:_identify(src/rom2109_gazebo) by extension 'colcon_pkg'
[0.385s] Level 1:colcon.colcon_core.package_identification:_identify(src/rom2109_gazebo) by extensions ['colcon_meta']
[0.385s] Level 1:colcon.colcon_core.package_identification:_identify(src/rom2109_gazebo) by extension 'colcon_meta'
[0.385s] Level 1:colcon.colcon_core.package_identification:_identify(src/rom2109_gazebo) by extensions ['ros']
[0.385s] Level 1:colcon.colcon_core.package_identification:_identify(src/rom2109_gazebo) by extension 'ros'
[0.386s] DEBUG:colcon.colcon_core.package_identification:Package 'src/rom2109_gazebo' with type 'ros.ament_cmake' and name 'rom2109_gazebo'
[0.386s] Level 1:colcon.colcon_core.package_discovery:discover_packages(recursive) using defaults
[0.386s] Level 1:colcon.colcon_core.package_discovery:discover_packages(ignore) discover
[0.386s] Level 1:colcon.colcon_core.package_discovery:discover_packages(ignore) using defaults
[0.386s] Level 1:colcon.colcon_core.package_discovery:discover_packages(path) discover
[0.386s] Level 1:colcon.colcon_core.package_discovery:discover_packages(path) using defaults
[0.412s] Level 1:colcon.colcon_core.package_discovery:discover_packages(prefix_path) check parameters
[0.412s] Level 1:colcon.colcon_core.package_discovery:discover_packages(prefix_path) discover
[0.413s] WARNING:colcon.colcon_ros.prefix_path.ament:The path '/home/zkm/ros/ros2/Ros2-Module4Class/install/simulation' in the environment variable AMENT_PREFIX_PATH doesn't exist
[0.414s] WARNING:colcon.colcon_ros.prefix_path.catkin:The path '/home/zkm/ros/ros2/Ros2-Module4Class/install/simulation' in the environment variable CMAKE_PREFIX_PATH doesn't exist
[0.415s] DEBUG:colcon.colcon_installed_package_information.package_discovery:Found 2 installed packages in /home/zkm/ros/ros2/Ros2-Module4-Ros2ControlExam/install
[0.415s] DEBUG:colcon.colcon_installed_package_information.package_discovery:Found 2 installed packages in /home/zkm/ros/ros2/Ros2-Module4Class/install
[0.416s] DEBUG:colcon.colcon_installed_package_information.package_discovery:Found 7 installed packages in /home/zkm/ros/ros2/wp/install
[0.416s] DEBUG:colcon.colcon_installed_package_information.package_discovery:Found 3 installed packages in /home/zkm/ros/ros2/Ros2-Module3Exam/install
[0.418s] DEBUG:colcon.colcon_installed_package_information.package_discovery:Found 326 installed packages in /opt/ros/humble
[0.419s] Level 1:colcon.colcon_core.package_discovery:discover_packages(prefix_path) using defaults
[0.461s] Level 5:colcon.colcon_core.verb:set package 'rom2109_description' build argument 'cmake_args' from command line to 'None'
[0.461s] Level 5:colcon.colcon_core.verb:set package 'rom2109_description' build argument 'cmake_target' from command line to 'None'
[0.461s] Level 5:colcon.colcon_core.verb:set package 'rom2109_description' build argument 'cmake_target_skip_unavailable' from command line to 'False'
[0.461s] Level 5:colcon.colcon_core.verb:set package 'rom2109_description' build argument 'cmake_clean_cache' from command line to 'False'
[0.461s] Level 5:colcon.colcon_core.verb:set package 'rom2109_description' build argument 'cmake_clean_first' from command line to 'False'
[0.461s] Level 5:colcon.colcon_core.verb:set package 'rom2109_description' build argument 'cmake_force_configure' from command line to 'False'
[0.461s] Level 5:colcon.colcon_core.verb:set package 'rom2109_description' build argument 'ament_cmake_args' from command line to 'None'
[0.461s] Level 5:colcon.colcon_core.verb:set package 'rom2109_description' build argument 'catkin_cmake_args' from command line to 'None'
[0.461s] Level 5:colcon.colcon_core.verb:set package 'rom2109_description' build argument 'catkin_skip_building_tests' from command line to 'False'
[0.461s] DEBUG:colcon.colcon_core.verb:Building package 'rom2109_description' with the following arguments: {'ament_cmake_args': None, 'build_base': '/home/zkm/ros/ros2/Ros2-Module4Class/build/rom2109_description', 'catkin_cmake_args': None, 'catkin_skip_building_tests': False, 'cmake_args': None, 'cmake_clean_cache': False, 'cmake_clean_first': False, 'cmake_force_configure': False, 'cmake_target': None, 'cmake_target_skip_unavailable': False, 'install_base': '/home/zkm/ros/ros2/Ros2-Module4Class/install/rom2109_description', 'merge_install': False, 'path': '/home/zkm/ros/ros2/Ros2-Module4Class/src/rom2109_description', 'symlink_install': True, 'test_result_base': None}
[0.462s] Level 5:colcon.colcon_core.verb:set package 'rom2109_gazebo' build argument 'cmake_args' from command line to 'None'
[0.462s] Level 5:colcon.colcon_core.verb:set package 'rom2109_gazebo' build argument 'cmake_target' from command line to 'None'
[0.462s] Level 5:colcon.colcon_core.verb:set package 'rom2109_gazebo' build argument 'cmake_target_skip_unavailable' from command line to 'False'
[0.462s] Level 5:colcon.colcon_core.verb:set package 'rom2109_gazebo' build argument 'cmake_clean_cache' from command line to 'False'
[0.462s] Level 5:colcon.colcon_core.verb:set package 'rom2109_gazebo' build argument 'cmake_clean_first' from command line to 'False'
[0.462s] Level 5:colcon.colcon_core.verb:set package 'rom2109_gazebo' build argument 'cmake_force_configure' from command line to 'False'
[0.462s] Level 5:colcon.colcon_core.verb:set package 'rom2109_gazebo' build argument 'ament_cmake_args' from command line to 'None'
[0.462s] Level 5:colcon.colcon_core.verb:set package 'rom2109_gazebo' build argument 'catkin_cmake_args' from command line to 'None'
[0.462s] Level 5:colcon.colcon_core.verb:set package 'rom2109_gazebo' build argument 'catkin_skip_building_tests' from command line to 'False'
[0.462s] DEBUG:colcon.colcon_core.verb:Building package 'rom2109_gazebo' with the following arguments: {'ament_cmake_args': None, 'build_base': '/home/zkm/ros/ros2/Ros2-Module4Class/build/rom2109_gazebo', 'catkin_cmake_args': None, 'catkin_skip_building_tests': False, 'cmake_args': None, 'cmake_clean_cache': False, 'cmake_clean_first': False, 'cmake_force_configure': False, 'cmake_target': None, 'cmake_target_skip_unavailable': False, 'install_base': '/home/zkm/ros/ros2/Ros2-Module4Class/install/rom2109_gazebo', 'merge_install': False, 'path': '/home/zkm/ros/ros2/Ros2-Module4Class/src/rom2109_gazebo', 'symlink_install': True, 'test_result_base': None}
[0.462s] INFO:colcon.colcon_core.executor:Executing jobs using 'parallel' executor
[0.463s] DEBUG:colcon.colcon_parallel_executor.executor.parallel:run_until_complete
[0.463s] INFO:colcon.colcon_ros.task.ament_cmake.build:Building ROS package in '/home/zkm/ros/ros2/Ros2-Module4Class/src/rom2109_description' with build type 'ament_cmake'
[0.463s] INFO:colcon.colcon_cmake.task.cmake.build:Building CMake package in '/home/zkm/ros/ros2/Ros2-Module4Class/src/rom2109_description'
[0.465s] INFO:colcon.colcon_core.plugin_system:Skipping extension 'colcon_core.shell.bat': Not used on non-Windows systems
[0.466s] INFO:colcon.colcon_core.shell:Skip shell extension 'powershell' for command environment: Not usable outside of PowerShell
[0.466s] DEBUG:colcon.colcon_core.shell:Skip shell extension 'dsv' for command environment
[0.471s] INFO:colcon.colcon_ros.task.ament_cmake.build:Building ROS package in '/home/zkm/ros/ros2/Ros2-Module4Class/src/rom2109_gazebo' with build type 'ament_cmake'
[0.472s] INFO:colcon.colcon_cmake.task.cmake.build:Building CMake package in '/home/zkm/ros/ros2/Ros2-Module4Class/src/rom2109_gazebo'
[0.472s] INFO:colcon.colcon_core.shell:Skip shell extension 'powershell' for command environment: Not usable outside of PowerShell
[0.473s] DEBUG:colcon.colcon_core.shell:Skip shell extension 'dsv' for command environment
[0.483s] DEBUG:colcon.colcon_core.event_handler.log_command:Invoking command in '/home/zkm/ros/ros2/Ros2-Module4Class/build/rom2109_description': CMAKE_PREFIX_PATH=${CMAKE_PREFIX_PATH}:/opt/ros/humble /usr/bin/cmake --build /home/zkm/ros/ros2/Ros2-Module4Class/build/rom2109_description -- -j8 -l8
[0.488s] DEBUG:colcon.colcon_core.event_handler.log_command:Invoking command in '/home/zkm/ros/ros2/Ros2-Module4Class/build/rom2109_gazebo': CMAKE_PREFIX_PATH=${CMAKE_PREFIX_PATH}:/opt/ros/humble /usr/bin/cmake --build /home/zkm/ros/ros2/Ros2-Module4Class/build/rom2109_gazebo -- -j8 -l8
[0.523s] DEBUG:colcon.colcon_core.event_handler.log_command:Invoked command in '/home/zkm/ros/ros2/Ros2-Module4Class/build/rom2109_description' returned '0': CMAKE_PREFIX_PATH=${CMAKE_PREFIX_PATH}:/opt/ros/humble /usr/bin/cmake --build /home/zkm/ros/ros2/Ros2-Module4Class/build/rom2109_description -- -j8 -l8
[0.528s] DEBUG:colcon.colcon_core.event_handler.log_command:Invoked command in '/home/zkm/ros/ros2/Ros2-Module4Class/build/rom2109_gazebo' returned '0': CMAKE_PREFIX_PATH=${CMAKE_PREFIX_PATH}:/opt/ros/humble /usr/bin/cmake --build /home/zkm/ros/ros2/Ros2-Module4Class/build/rom2109_gazebo -- -j8 -l8
[0.555s] DEBUG:colcon.colcon_core.event_handler.log_command:Invoking command in '/home/zkm/ros/ros2/Ros2-Module4Class/build/rom2109_description': CMAKE_PREFIX_PATH=${CMAKE_PREFIX_PATH}:/opt/ros/humble /usr/bin/cmake --install /home/zkm/ros/ros2/Ros2-Module4Class/build/rom2109_description
[0.557s] DEBUG:colcon.colcon_core.event_handler.log_command:Invoking command in '/home/zkm/ros/ros2/Ros2-Module4Class/build/rom2109_gazebo': CMAKE_PREFIX_PATH=${CMAKE_PREFIX_PATH}:/opt/ros/humble /usr/bin/cmake --install /home/zkm/ros/ros2/Ros2-Module4Class/build/rom2109_gazebo
[0.581s] Level 1:colcon.colcon_core.environment:create_environment_scripts_only(rom2109_gazebo)
[0.582s] DEBUG:colcon.colcon_core.event_handler.log_command:Invoked command in '/home/zkm/ros/ros2/Ros2-Module4Class/build/rom2109_gazebo' returned '0': CMAKE_PREFIX_PATH=${CMAKE_PREFIX_PATH}:/opt/ros/humble /usr/bin/cmake --install /home/zkm/ros/ros2/Ros2-Module4Class/build/rom2109_gazebo
[0.584s] Level 1:colcon.colcon_core.environment:checking '/home/zkm/ros/ros2/Ros2-Module4Class/install/rom2109_gazebo' for CMake module files
[0.585s] Level 1:colcon.colcon_core.environment:checking '/home/zkm/ros/ros2/Ros2-Module4Class/install/rom2109_gazebo' for CMake config files
[0.586s] Level 1:colcon.colcon_core.shell:create_environment_hook('rom2109_gazebo', 'cmake_prefix_path')
[0.586s] INFO:colcon.colcon_core.shell:Creating environment hook '/home/zkm/ros/ros2/Ros2-Module4Class/install/rom2109_gazebo/share/rom2109_gazebo/hook/cmake_prefix_path.ps1'
[0.587s] INFO:colcon.colcon_core.shell:Creating environment descriptor '/home/zkm/ros/ros2/Ros2-Module4Class/install/rom2109_gazebo/share/rom2109_gazebo/hook/cmake_prefix_path.dsv'
[0.587s] INFO:colcon.colcon_core.shell:Creating environment hook '/home/zkm/ros/ros2/Ros2-Module4Class/install/rom2109_gazebo/share/rom2109_gazebo/hook/cmake_prefix_path.sh'
[0.588s] Level 1:colcon.colcon_core.environment:checking '/home/zkm/ros/ros2/Ros2-Module4Class/install/rom2109_gazebo/bin'
[0.588s] Level 1:colcon.colcon_core.environment:checking '/home/zkm/ros/ros2/Ros2-Module4Class/install/rom2109_gazebo/lib/pkgconfig/rom2109_gazebo.pc'
[0.588s] Level 1:colcon.colcon_core.environment:checking '/home/zkm/ros/ros2/Ros2-Module4Class/install/rom2109_gazebo/lib/python3.10/site-packages'
[0.588s] Level 1:colcon.colcon_core.environment:checking '/home/zkm/ros/ros2/Ros2-Module4Class/install/rom2109_gazebo/bin'
[0.589s] INFO:colcon.colcon_core.shell:Creating package script '/home/zkm/ros/ros2/Ros2-Module4Class/install/rom2109_gazebo/share/rom2109_gazebo/package.ps1'
[0.590s] INFO:colcon.colcon_core.shell:Creating package descriptor '/home/zkm/ros/ros2/Ros2-Module4Class/install/rom2109_gazebo/share/rom2109_gazebo/package.dsv'
[0.590s] INFO:colcon.colcon_core.shell:Creating package script '/home/zkm/ros/ros2/Ros2-Module4Class/install/rom2109_gazebo/share/rom2109_gazebo/package.sh'
[0.591s] INFO:colcon.colcon_core.shell:Creating package script '/home/zkm/ros/ros2/Ros2-Module4Class/install/rom2109_gazebo/share/rom2109_gazebo/package.bash'
[0.592s] INFO:colcon.colcon_core.shell:Creating package script '/home/zkm/ros/ros2/Ros2-Module4Class/install/rom2109_gazebo/share/rom2109_gazebo/package.zsh'
[0.593s] Level 1:colcon.colcon_core.environment:create_file_with_runtime_dependencies(/home/zkm/ros/ros2/Ros2-Module4Class/install/rom2109_gazebo/share/colcon-core/packages/rom2109_gazebo)
[0.595s] Level 1:colcon.colcon_core.environment:create_environment_scripts_only(rom2109_description)
[0.596s] Level 1:colcon.colcon_core.environment:checking '/home/zkm/ros/ros2/Ros2-Module4Class/install/rom2109_description' for CMake module files
[0.596s] DEBUG:colcon.colcon_core.event_handler.log_command:Invoked command in '/home/zkm/ros/ros2/Ros2-Module4Class/build/rom2109_description' returned '0': CMAKE_PREFIX_PATH=${CMAKE_PREFIX_PATH}:/opt/ros/humble /usr/bin/cmake --install /home/zkm/ros/ros2/Ros2-Module4Class/build/rom2109_description
[0.597s] Level 1:colcon.colcon_core.environment:checking '/home/zkm/ros/ros2/Ros2-Module4Class/install/rom2109_description' for CMake config files
[0.597s] Level 1:colcon.colcon_core.shell:create_environment_hook('rom2109_description', 'cmake_prefix_path')
[0.597s] INFO:colcon.colcon_core.shell:Creating environment hook '/home/zkm/ros/ros2/Ros2-Module4Class/install/rom2109_description/share/rom2109_description/hook/cmake_prefix_path.ps1'
[0.598s] INFO:colcon.colcon_core.shell:Creating environment descriptor '/home/zkm/ros/ros2/Ros2-Module4Class/install/rom2109_description/share/rom2109_description/hook/cmake_prefix_path.dsv'
[0.598s] INFO:colcon.colcon_core.shell:Creating environment hook '/home/zkm/ros/ros2/Ros2-Module4Class/install/rom2109_description/share/rom2109_description/hook/cmake_prefix_path.sh'
[0.598s] Level 1:colcon.colcon_core.environment:checking '/home/zkm/ros/ros2/Ros2-Module4Class/install/rom2109_description/bin'
[0.598s] Level 1:colcon.colcon_core.environment:checking '/home/zkm/ros/ros2/Ros2-Module4Class/install/rom2109_description/lib/pkgconfig/rom2109_description.pc'
[0.599s] Level 1:colcon.colcon_core.environment:checking '/home/zkm/ros/ros2/Ros2-Module4Class/install/rom2109_description/lib/python3.10/site-packages'
[0.599s] Level 1:colcon.colcon_core.environment:checking '/home/zkm/ros/ros2/Ros2-Module4Class/install/rom2109_description/bin'
[0.599s] INFO:colcon.colcon_core.shell:Creating package script '/home/zkm/ros/ros2/Ros2-Module4Class/install/rom2109_description/share/rom2109_description/package.ps1'
[0.600s] INFO:colcon.colcon_core.shell:Creating package descriptor '/home/zkm/ros/ros2/Ros2-Module4Class/install/rom2109_description/share/rom2109_description/package.dsv'
[0.602s] INFO:colcon.colcon_core.shell:Creating package script '/home/zkm/ros/ros2/Ros2-Module4Class/install/rom2109_description/share/rom2109_description/package.sh'
[0.602s] INFO:colcon.colcon_core.shell:Creating package script '/home/zkm/ros/ros2/Ros2-Module4Class/install/rom2109_description/share/rom2109_description/package.bash'
[0.602s] INFO:colcon.colcon_core.shell:Creating package script '/home/zkm/ros/ros2/Ros2-Module4Class/install/rom2109_description/share/rom2109_description/package.zsh'
[0.603s] Level 1:colcon.colcon_core.environment:create_file_with_runtime_dependencies(/home/zkm/ros/ros2/Ros2-Module4Class/install/rom2109_description/share/colcon-core/packages/rom2109_description)
[0.616s] Level 1:colcon.colcon_core.environment:create_environment_scripts_only(rom2109_gazebo)
[0.617s] Level 1:colcon.colcon_core.environment:checking '/home/zkm/ros/ros2/Ros2-Module4Class/install/rom2109_gazebo' for CMake module files
[0.617s] Level 1:colcon.colcon_core.environment:checking '/home/zkm/ros/ros2/Ros2-Module4Class/install/rom2109_gazebo' for CMake config files
[0.617s] Level 1:colcon.colcon_core.shell:create_environment_hook('rom2109_gazebo', 'cmake_prefix_path')
[0.618s] INFO:colcon.colcon_core.shell:Creating environment hook '/home/zkm/ros/ros2/Ros2-Module4Class/install/rom2109_gazebo/share/rom2109_gazebo/hook/cmake_prefix_path.ps1'
[0.618s] INFO:colcon.colcon_core.shell:Creating environment descriptor '/home/zkm/ros/ros2/Ros2-Module4Class/install/rom2109_gazebo/share/rom2109_gazebo/hook/cmake_prefix_path.dsv'
[0.618s] INFO:colcon.colcon_core.shell:Creating environment hook '/home/zkm/ros/ros2/Ros2-Module4Class/install/rom2109_gazebo/share/rom2109_gazebo/hook/cmake_prefix_path.sh'
[0.619s] Level 1:colcon.colcon_core.environment:checking '/home/zkm/ros/ros2/Ros2-Module4Class/install/rom2109_gazebo/bin'
[0.619s] Level 1:colcon.colcon_core.environment:checking '/home/zkm/ros/ros2/Ros2-Module4Class/install/rom2109_gazebo/lib/pkgconfig/rom2109_gazebo.pc'
[0.619s] Level 1:colcon.colcon_core.environment:checking '/home/zkm/ros/ros2/Ros2-Module4Class/install/rom2109_gazebo/lib/python3.10/site-packages'
[0.619s] Level 1:colcon.colcon_core.environment:checking '/home/zkm/ros/ros2/Ros2-Module4Class/install/rom2109_gazebo/bin'
[0.620s] INFO:colcon.colcon_core.shell:Creating package script '/home/zkm/ros/ros2/Ros2-Module4Class/install/rom2109_gazebo/share/rom2109_gazebo/package.ps1'
[0.620s] INFO:colcon.colcon_core.shell:Creating package descriptor '/home/zkm/ros/ros2/Ros2-Module4Class/install/rom2109_gazebo/share/rom2109_gazebo/package.dsv'
[0.620s] INFO:colcon.colcon_core.shell:Creating package script '/home/zkm/ros/ros2/Ros2-Module4Class/install/rom2109_gazebo/share/rom2109_gazebo/package.sh'
[0.621s] INFO:colcon.colcon_core.shell:Creating package script '/home/zkm/ros/ros2/Ros2-Module4Class/install/rom2109_gazebo/share/rom2109_gazebo/package.bash'
[0.621s] INFO:colcon.colcon_core.shell:Creating package script '/home/zkm/ros/ros2/Ros2-Module4Class/install/rom2109_gazebo/share/rom2109_gazebo/package.zsh'
[0.622s] Level 1:colcon.colcon_core.environment:create_file_with_runtime_dependencies(/home/zkm/ros/ros2/Ros2-Module4Class/install/rom2109_gazebo/share/colcon-core/packages/rom2109_gazebo)
[0.624s] Level 1:colcon.colcon_core.environment:create_environment_scripts_only(rom2109_description)
[0.624s] Level 1:colcon.colcon_core.environment:checking '/home/zkm/ros/ros2/Ros2-Module4Class/install/rom2109_description' for CMake module files
[0.625s] Level 1:colcon.colcon_core.environment:checking '/home/zkm/ros/ros2/Ros2-Module4Class/install/rom2109_description' for CMake config files
[0.625s] Level 1:colcon.colcon_core.shell:create_environment_hook('rom2109_description', 'cmake_prefix_path')
[0.626s] INFO:colcon.colcon_core.shell:Creating environment hook '/home/zkm/ros/ros2/Ros2-Module4Class/install/rom2109_description/share/rom2109_description/hook/cmake_prefix_path.ps1'
[0.626s] INFO:colcon.colcon_core.shell:Creating environment descriptor '/home/zkm/ros/ros2/Ros2-Module4Class/install/rom2109_description/share/rom2109_description/hook/cmake_prefix_path.dsv'
[0.626s] INFO:colcon.colcon_core.shell:Creating environment hook '/home/zkm/ros/ros2/Ros2-Module4Class/install/rom2109_description/share/rom2109_description/hook/cmake_prefix_path.sh'
[0.627s] Level 1:colcon.colcon_core.environment:checking '/home/zkm/ros/ros2/Ros2-Module4Class/install/rom2109_description/bin'
[0.627s] Level 1:colcon.colcon_core.environment:checking '/home/zkm/ros/ros2/Ros2-Module4Class/install/rom2109_description/lib/pkgconfig/rom2109_description.pc'
[0.627s] Level 1:colcon.colcon_core.environment:checking '/home/zkm/ros/ros2/Ros2-Module4Class/install/rom2109_description/lib/python3.10/site-packages'
[0.627s] Level 1:colcon.colcon_core.environment:checking '/home/zkm/ros/ros2/Ros2-Module4Class/install/rom2109_description/bin'
[0.627s] INFO:colcon.colcon_core.shell:Creating package script '/home/zkm/ros/ros2/Ros2-Module4Class/install/rom2109_description/share/rom2109_description/package.ps1'
[0.628s] INFO:colcon.colcon_core.shell:Creating package descriptor '/home/zkm/ros/ros2/Ros2-Module4Class/install/rom2109_description/share/rom2109_description/package.dsv'
[0.628s] INFO:colcon.colcon_core.shell:Creating package script '/home/zkm/ros/ros2/Ros2-Module4Class/install/rom2109_description/share/rom2109_description/package.sh'
[0.629s] INFO:colcon.colcon_core.shell:Creating package script '/home/zkm/ros/ros2/Ros2-Module4Class/install/rom2109_description/share/rom2109_description/package.bash'
[0.629s] INFO:colcon.colcon_core.shell:Creating package script '/home/zkm/ros/ros2/Ros2-Module4Class/install/rom2109_description/share/rom2109_description/package.zsh'
[0.630s] Level 1:colcon.colcon_core.environment:create_file_with_runtime_dependencies(/home/zkm/ros/ros2/Ros2-Module4Class/install/rom2109_description/share/colcon-core/packages/rom2109_description)
[0.630s] DEBUG:colcon.colcon_parallel_executor.executor.parallel:closing loop
[0.630s] DEBUG:colcon.colcon_parallel_executor.executor.parallel:loop closed
[0.630s] DEBUG:colcon.colcon_parallel_executor.executor.parallel:run_until_complete finished with '0'
[0.630s] DEBUG:colcon.colcon_core.event_reactor:joining thread
[0.635s] INFO:colcon.colcon_core.plugin_system:Skipping extension 'colcon_notification.desktop_notification.terminal_notifier': Not used on non-Darwin systems
[0.635s] INFO:colcon.colcon_core.plugin_system:Skipping extension 'colcon_notification.desktop_notification.win32': Not used on non-Windows systems
[0.635s] INFO:colcon.colcon_notification.desktop_notification:Sending desktop notification using 'notify2'
[0.646s] DEBUG:colcon.colcon_core.event_reactor:joined thread
[0.646s] INFO:colcon.colcon_core.shell:Creating prefix script '/home/zkm/ros/ros2/Ros2-Module4Class/install/local_setup.ps1'
[0.647s] INFO:colcon.colcon_core.shell:Creating prefix util module '/home/zkm/ros/ros2/Ros2-Module4Class/install/_local_setup_util_ps1.py'
[0.649s] INFO:colcon.colcon_core.shell:Creating prefix chain script '/home/zkm/ros/ros2/Ros2-Module4Class/install/setup.ps1'
[0.651s] INFO:colcon.colcon_core.shell:Creating prefix script '/home/zkm/ros/ros2/Ros2-Module4Class/install/local_setup.sh'
[0.652s] INFO:colcon.colcon_core.shell:Creating prefix util module '/home/zkm/ros/ros2/Ros2-Module4Class/install/_local_setup_util_sh.py'
[0.653s] INFO:colcon.colcon_core.shell:Creating prefix chain script '/home/zkm/ros/ros2/Ros2-Module4Class/install/setup.sh'
[0.655s] INFO:colcon.colcon_core.shell:Creating prefix script '/home/zkm/ros/ros2/Ros2-Module4Class/install/local_setup.bash'
[0.656s] INFO:colcon.colcon_core.shell:Creating prefix chain script '/home/zkm/ros/ros2/Ros2-Module4Class/install/setup.bash'
[0.658s] INFO:colcon.colcon_core.shell:Creating prefix script '/home/zkm/ros/ros2/Ros2-Module4Class/install/local_setup.zsh'
[0.658s] INFO:colcon.colcon_core.shell:Creating prefix chain script '/home/zkm/ros/ros2/Ros2-Module4Class/install/setup.zsh'
