[0.138s] DEBUG:colcon:Command line arguments: ['/usr/bin/colcon', 'list', '-p', '--base-paths', '/home/zkm/ros/ros2/Ros2-Module4Class']
[0.138s] DEBUG:colcon:Parsed command line arguments: Namespace(log_base=None, log_level=None, verb_name='list', build_base='build', ignore_user_meta=False, metas=['./colcon.meta'], base_paths=['/home/zkm/ros/ros2/Ros2-Module4Class'], packages_ignore=None, packages_ignore_regex=None, paths=None, packages_up_to=None, packages_up_to_regex=None, packages_above=None, packages_above_and_dependencies=None, packages_above_depth=None, packages_select_by_dep=None, packages_skip_by_dep=None, packages_skip_up_to=None, packages_select_build_failed=False, packages_skip_build_finished=False, packages_select_test_failures=False, packages_skip_test_passed=False, packages_select=None, packages_skip=None, packages_select_regex=None, packages_skip_regex=None, packages_start=None, packages_end=None, allow_overriding=[], topological_order=False, names_only=False, paths_only=True, topological_graph=False, topological_graph_dot=False, topological_graph_density=False, topological_graph_legend=False, topological_graph_dot_cluster=False, topological_graph_dot_include_skipped=False, verb_parser=<colcon_defaults.argument_parser.defaults.DefaultArgumentsDecorator object at 0x7b60ced4ec80>, verb_extension=<colcon_package_information.verb.list.ListVerb object at 0x7b60ced4dde0>, main=<bound method ListVerb.main of <colcon_package_information.verb.list.ListVerb object at 0x7b60ced4dde0>>)
[0.406s] Level 1:colcon.colcon_core.package_discovery:discover_packages(colcon_meta) check parameters
[0.407s] Level 1:colcon.colcon_core.package_discovery:discover_packages(recursive) check parameters
[0.407s] Level 1:colcon.colcon_core.package_discovery:discover_packages(ignore) check parameters
[0.407s] Level 1:colcon.colcon_core.package_discovery:discover_packages(path) check parameters
[0.407s] Level 1:colcon.colcon_core.package_discovery:discover_packages(recursive) discover
[0.407s] INFO:colcon.colcon_core.package_discovery:Crawling recursively for packages in '/home/zkm/ros/ros2/Ros2-Module4Class'
[0.407s] Level 1:colcon.colcon_core.package_identification:_identify(/home/zkm/ros/ros2/Ros2-Module4Class) by extensions ['ignore', 'ignore_ament_install']
[0.407s] Level 1:colcon.colcon_core.package_identification:_identify(/home/zkm/ros/ros2/Ros2-Module4Class) by extension 'ignore'
[0.407s] Level 1:colcon.colcon_core.package_identification:_identify(/home/zkm/ros/ros2/Ros2-Module4Class) by extension 'ignore_ament_install'
[0.407s] Level 1:colcon.colcon_core.package_identification:_identify(/home/zkm/ros/ros2/Ros2-Module4Class) by extensions ['colcon_pkg']
[0.407s] Level 1:colcon.colcon_core.package_identification:_identify(/home/zkm/ros/ros2/Ros2-Module4Class) by extension 'colcon_pkg'
[0.407s] Level 1:colcon.colcon_core.package_identification:_identify(/home/zkm/ros/ros2/Ros2-Module4Class) by extensions ['colcon_meta']
[0.407s] Level 1:colcon.colcon_core.package_identification:_identify(/home/zkm/ros/ros2/Ros2-Module4Class) by extension 'colcon_meta'
[0.408s] Level 1:colcon.colcon_core.package_identification:_identify(/home/zkm/ros/ros2/Ros2-Module4Class) by extensions ['ros']
[0.408s] Level 1:colcon.colcon_core.package_identification:_identify(/home/zkm/ros/ros2/Ros2-Module4Class) by extension 'ros'
[0.423s] Level 1:colcon.colcon_core.package_identification:_identify(/home/zkm/ros/ros2/Ros2-Module4Class) by extensions ['cmake', 'python']
[0.423s] Level 1:colcon.colcon_core.package_identification:_identify(/home/zkm/ros/ros2/Ros2-Module4Class) by extension 'cmake'
[0.423s] Level 1:colcon.colcon_core.package_identification:_identify(/home/zkm/ros/ros2/Ros2-Module4Class) by extension 'python'
[0.424s] Level 1:colcon.colcon_core.package_identification:_identify(/home/zkm/ros/ros2/Ros2-Module4Class) by extensions ['python_setup_py']
[0.424s] Level 1:colcon.colcon_core.package_identification:_identify(/home/zkm/ros/ros2/Ros2-Module4Class) by extension 'python_setup_py'
[0.424s] Level 1:colcon.colcon_core.package_identification:_identify(/home/zkm/ros/ros2/Ros2-Module4Class/build) by extensions ['ignore', 'ignore_ament_install']
[0.424s] Level 1:colcon.colcon_core.package_identification:_identify(/home/zkm/ros/ros2/Ros2-Module4Class/build) by extension 'ignore'
[0.424s] Level 1:colcon.colcon_core.package_identification:_identify(/home/zkm/ros/ros2/Ros2-Module4Class/build) ignored
[0.424s] Level 1:colcon.colcon_core.package_identification:_identify(/home/zkm/ros/ros2/Ros2-Module4Class/install) by extensions ['ignore', 'ignore_ament_install']
[0.424s] Level 1:colcon.colcon_core.package_identification:_identify(/home/zkm/ros/ros2/Ros2-Module4Class/install) by extension 'ignore'
[0.424s] Level 1:colcon.colcon_core.package_identification:_identify(/home/zkm/ros/ros2/Ros2-Module4Class/install) ignored
[0.425s] Level 1:colcon.colcon_core.package_identification:_identify(/home/zkm/ros/ros2/Ros2-Module4Class/log) by extensions ['ignore', 'ignore_ament_install']
[0.425s] Level 1:colcon.colcon_core.package_identification:_identify(/home/zkm/ros/ros2/Ros2-Module4Class/log) by extension 'ignore'
[0.425s] Level 1:colcon.colcon_core.package_identification:_identify(/home/zkm/ros/ros2/Ros2-Module4Class/log) ignored
[0.425s] Level 1:colcon.colcon_core.package_identification:_identify(/home/zkm/ros/ros2/Ros2-Module4Class/src) by extensions ['ignore', 'ignore_ament_install']
[0.425s] Level 1:colcon.colcon_core.package_identification:_identify(/home/zkm/ros/ros2/Ros2-Module4Class/src) by extension 'ignore'
[0.425s] Level 1:colcon.colcon_core.package_identification:_identify(/home/zkm/ros/ros2/Ros2-Module4Class/src) by extension 'ignore_ament_install'
[0.425s] Level 1:colcon.colcon_core.package_identification:_identify(/home/zkm/ros/ros2/Ros2-Module4Class/src) by extensions ['colcon_pkg']
[0.425s] Level 1:colcon.colcon_core.package_identification:_identify(/home/zkm/ros/ros2/Ros2-Module4Class/src) by extension 'colcon_pkg'
[0.425s] Level 1:colcon.colcon_core.package_identification:_identify(/home/zkm/ros/ros2/Ros2-Module4Class/src) by extensions ['colcon_meta']
[0.425s] Level 1:colcon.colcon_core.package_identification:_identify(/home/zkm/ros/ros2/Ros2-Module4Class/src) by extension 'colcon_meta'
[0.425s] Level 1:colcon.colcon_core.package_identification:_identify(/home/zkm/ros/ros2/Ros2-Module4Class/src) by extensions ['ros']
[0.425s] Level 1:colcon.colcon_core.package_identification:_identify(/home/zkm/ros/ros2/Ros2-Module4Class/src) by extension 'ros'
[0.426s] Level 1:colcon.colcon_core.package_identification:_identify(/home/zkm/ros/ros2/Ros2-Module4Class/src) by extensions ['cmake', 'python']
[0.426s] Level 1:colcon.colcon_core.package_identification:_identify(/home/zkm/ros/ros2/Ros2-Module4Class/src) by extension 'cmake'
[0.426s] Level 1:colcon.colcon_core.package_identification:_identify(/home/zkm/ros/ros2/Ros2-Module4Class/src) by extension 'python'
[0.426s] Level 1:colcon.colcon_core.package_identification:_identify(/home/zkm/ros/ros2/Ros2-Module4Class/src) by extensions ['python_setup_py']
[0.426s] Level 1:colcon.colcon_core.package_identification:_identify(/home/zkm/ros/ros2/Ros2-Module4Class/src) by extension 'python_setup_py'
[0.426s] Level 1:colcon.colcon_core.package_identification:_identify(/home/zkm/ros/ros2/Ros2-Module4Class/src/simulation) by extensions ['ignore', 'ignore_ament_install']
[0.426s] Level 1:colcon.colcon_core.package_identification:_identify(/home/zkm/ros/ros2/Ros2-Module4Class/src/simulation) by extension 'ignore'
[0.426s] Level 1:colcon.colcon_core.package_identification:_identify(/home/zkm/ros/ros2/Ros2-Module4Class/src/simulation) by extension 'ignore_ament_install'
[0.426s] Level 1:colcon.colcon_core.package_identification:_identify(/home/zkm/ros/ros2/Ros2-Module4Class/src/simulation) by extensions ['colcon_pkg']
[0.426s] Level 1:colcon.colcon_core.package_identification:_identify(/home/zkm/ros/ros2/Ros2-Module4Class/src/simulation) by extension 'colcon_pkg'
[0.426s] Level 1:colcon.colcon_core.package_identification:_identify(/home/zkm/ros/ros2/Ros2-Module4Class/src/simulation) by extensions ['colcon_meta']
[0.426s] Level 1:colcon.colcon_core.package_identification:_identify(/home/zkm/ros/ros2/Ros2-Module4Class/src/simulation) by extension 'colcon_meta'
[0.427s] Level 1:colcon.colcon_core.package_identification:_identify(/home/zkm/ros/ros2/Ros2-Module4Class/src/simulation) by extensions ['ros']
[0.427s] Level 1:colcon.colcon_core.package_identification:_identify(/home/zkm/ros/ros2/Ros2-Module4Class/src/simulation) by extension 'ros'
[0.430s] DEBUG:colcon.colcon_core.package_identification:Package '/home/zkm/ros/ros2/Ros2-Module4Class/src/simulation' with type 'ros.ament_cmake' and name 'simulation'
[0.430s] Level 1:colcon.colcon_core.package_discovery:discover_packages(recursive) using defaults
